$GPRMC,105417.60,A,5700.92032,N,00958.64282,E,0.212,62.49,071115,,,A*53
$GPGGA,105417.60,5700.92032,N,00958.64282,E,1,10,0.94,-2.2,M,42.5,M,,*78
$GPGGA,105417.80,5700.92032,N,00958.64283,E,1,10,0.94,-2.2,M,42.5,M,,*77
$GPRMC,105418.00,A,5700.92032,N,00958.64283,E,0.090,62.94,071115,,,A*53
$GPGGA,105418.00,5700.92032,N,00958.64283,E,1,10,0.94,-2.2,M,42.5,M,,*70
$GPRMC,105418.20,A,5700.92032,N,00958.64283,E,0.132,63.21,071115,,,A*57
$GPGGA,105418.20,5700.92032,N,00958.64283,E,1,10,0.94,-2.3,M,42.5,M,,*73
$GPRMC,105418.40,A,5700.92033,N,00958.64283,E,0.163,62.84,071115,,,A*5A
$GPGGA,105418.40,5700.92033,N,00958.64283,E,1,10,0.94,-2.3,M,42.5,M,,*74
$GPRMC,105418.60,A,5700.92033,N,00958.64284,E,0.093,62.64,071115,,,A*5F
$GPGGA,105418.60,5700.92033,N,00958.64284,E,1,10,0.94,-2.3,M,42.5,M,,*71
$GPRMC,105418.80,A,5700.92034,N,00958.64285,E,0.124,62.95,071115,,,A*54
$GPGGA,105418.80,5700.92034,N,00958.64285,E,1,10,0.94,-2.3,M,42.5,M,,*79
$GPRMC,105419.00,A,5700.92034,N,00958.64286,E,0.135,63.31,071115,,,A*51
$GPGGA,105419.00,5700.92034,N,00958.64286,E,1,10,0.94,-2.3,M,42.5,M,,*73
$GPRMC,105419.20,A,5700.92034,N,00958.64287,E,0.106,63.07,071115,,,A*57
$GPGGA,105419.20,5700.92034,N,00958.64287,E,1,10,0.94,-2.4,M,42.5,M,,*77
$GPRMC,105419.40,A,5700.92035,N,00958.64289,E,0.127,63.15,071115,,,A*5E
$GPGGA,105419.40,5700.92035,N,00958.64289,E,1,10,0.94,-2.4,M,42.5,M,,*7E
$GPRMC,105419.60,A,5700.92035,N,00958.64291,E,0.145,63.24,071115,,,A*53
$GPGGA,105419.60,5700.92035,N,00958.64291,E,1,10,0.94,-2.4,M,42.5,M,,*75
$GPRMC,105419.80,A,5700.92035,N,00958.64293,E,0.117,63.19,071115,,,A*56
$GPGGA,105419.80,5700.92035,N,00958.64293,E,1,10,0.94,-2.4,M,42.5,M,,*79
$GPRMC,105420.00,A,5700.92036,N,00958.64295,E,0.106,63.36,071115,,,A*5C
$GPGGA,105420.00,5700.92036,N,00958.64295,E,1,10,0.94,-2.3,M,42.5,M,,*79
$GPRMC,105420.20,A,5700.92037,N,00958.64298,E,0.168,63.19,071115,,,A*57
$GPGGA,105420.20,5700.92037,N,00958.64298,E,1,10,0.94,-2.3,M,42.5,M,,*77
$GPRMC,105420.40,A,5700.92037,N,00958.64300,E,0.199,62.93,071115,,,A*5C
$GPGGA,105420.40,5700.92037,N,00958.64300,E,1,10,0.94,-2.3,M,42.5,M,,*71
$GPRMC,105420.60,A,5700.92037,N,00958.64302,E,0.124,63.06,071115,,,A*57
$GPGGA,105420.60,5700.92037,N,00958.64302,E,1,10,0.94,-2.3,M,42.5,M,,*71
$GPRMC,105420.80,A,5700.92037,N,00958.64304,E,0.101,63.33,071115,,,A*5E
$GPGGA,105420.80,5700.92037,N,00958.64304,E,1,10,0.94,-2.3,M,42.5,M,,*79
$GPRMC,105421.00,A,5700.92037,N,00958.64306,E,0.181,63.10,071115,,,A*5C
$GPGGA,105421.00,5700.92037,N,00958.64306,E,1,10,0.94,-2.3,M,42.5,M,,*72
$GPRMC,105421.20,A,5700.92038,N,00958.64307,E,0.106,63.38,071115,,,A*55
$GPGGA,105421.20,5700.92038,N,00958.64307,E,1,10,0.94,-2.3,M,42.5,M,,*7E
$GPRMC,105421.40,A,5700.92038,N,00958.64309,E,0.118,63.68,071115,,,A*57
$GPGGA,105421.40,5700.92038,N,00958.64309,E,1,10,0.94,-2.3,M,42.5,M,,*76
$GPRMC,105421.60,A,5700.92039,N,00958.64309,E,0.143,63.42,071115,,,A*52
$GPGGA,105421.60,5700.92039,N,00958.64309,E,1,10,0.94,-2.2,M,42.5,M,,*74
$GPRMC,105421.80,A,5700.92039,N,00958.64311,E,0.157,63.74,071115,,,A*55
$GPGGA,105421.80,5700.92039,N,00958.64311,E,1,10,0.94,-2.2,M,42.5,M,,*73
$GPRMC,105422.00,A,5700.92040,N,00958.64312,E,0.085,64.34,071115,,,A*5E
$GPGGA,105422.00,5700.92040,N,00958.64312,E,1,10,0.94,-2.2,M,42.5,M,,*75
$GPRMC,105422.20,A,5700.92040,N,00958.64313,E,0.117,64.44,071115,,,A*50
$GPGGA,105422.20,5700.92040,N,00958.64313,E,1,10,0.94,-2.2,M,42.5,M,,*76
$GPRMC,105422.40,A,5700.92041,N,00958.64314,E,0.116,64.80,071115,,,A*59
$GPGGA,105422.40,5700.92041,N,00958.64314,E,1,10,0.94,-2.1,M,42.5,M,,*75
$GPRMC,105422.60,A,5700.92042,N,00958.64315,E,0.175,64.43,071115,,,A*53
$GPGGA,105422.60,5700.92042,N,00958.64315,E,1,10,0.94,-2.1,M,42.5,M,,*75
$GPRMC,105422.80,A,5700.92042,N,00958.64316,E,0.153,64.10,071115,,,A*5C
$GPGGA,105422.80,5700.92042,N,00958.64316,E,1,10,0.94,-2.1,M,42.5,M,,*78
$GPRMC,105423.00,A,5700.92043,N,00958.64317,E,0.103,64.14,071115,,,A*54
$GPGGA,105423.00,5700.92043,N,00958.64317,E,1,10,0.94,-2.1,M,42.5,M,,*71
$GPRMC,105423.20,A,5700.92043,N,00958.64318,E,0.167,63.82,071115,,,A*53
$GPGGA,105423.20,5700.92043,N,00958.64318,E,1,10,0.94,-2.1,M,42.5,M,,*7C
$GPRMC,105423.40,A,5700.92043,N,00958.64320,E,0.148,63.86,071115,,,A*57
$GPGGA,105423.40,5700.92043,N,00958.64320,E,1,10,0.94,-2.1,M,42.5,M,,*71
$GPRMC,105423.60,A,5700.92044,N,00958.64321,E,0.142,63.83,071115,,,A*5C
$GPGGA,105423.60,5700.92044,N,00958.64321,E,1,10,0.94,-2.1,M,42.5,M,,*75
$GPRMC,105423.80,A,5700.92044,N,00958.64322,E,0.100,64.26,071115,,,A*5F
$GPGGA,105423.80,5700.92044,N,00958.64322,E,1,10,0.94,-2.1,M,42.5,M,,*78
$GPRMC,105424.00,A,5700.92045,N,00958.64323,E,0.156,64.28,071115,,,A*5D
$GPGGA,105424.00,5700.92045,N,00958.64323,E,1,10,0.94,-2.1,M,42.5,M,,*77
$GPRMC,105424.20,A,5700.92045,N,00958.64325,E,0.080,64.95,071115,,,A*55
$GPGGA,105424.20,5700.92045,N,00958.64325,E,1,10,0.94,-2.1,M,42.5,M,,*73
$GPRMC,105424.40,A,5700.92046,N,00958.64326,E,0.081,66.64,071115,,,A*5E
$GPGGA,105424.40,5700.92046,N,00958.64326,E,1,10,0.94,-2.2,M,42.5,M,,*76
$GPRMC,105424.60,A,5700.92047,N,00958.64327,E,0.110,66.29,071115,,,A*5C
$GPGGA,105424.60,5700.92047,N,00958.64327,E,1,10,0.94,-2.2,M,42.5,M,,*74
$GPRMC,105424.80,A,5700.92047,N,00958.64328,E,0.161,66.12,071115,,,A*53
$GPGGA,105424.80,5700.92047,N,00958.64328,E,1,10,0.94,-2.2,M,42.5,M,,*75
$GPRMC,105425.00,A,5700.92048,N,00958.64329,E,0.081,65.97,071115,,,A*55
$GPGGA,105425.00,5700.92048,N,00958.64329,E,1,10,0.94,-2.2,M,42.5,M,,*72
$GPRMC,105425.20,A,5700.92048,N,00958.64329,E,0.071,66.59,071115,,,A*59
$GPGGA,105425.20,5700.92048,N,00958.64329,E,1,10,0.94,-2.2,M,42.5,M,,*70
$GPRMC,105425.40,A,5700.92049,N,00958.64330,E,0.145,66.67,071115,,,A*5D
$GPGGA,105425.40,5700.92049,N,00958.64330,E,1,10,0.94,-2.2,M,42.5,M,,*7F
$GPRMC,105425.60,A,5700.92050,N,00958.64331,E,0.151,66.61,071115,,,A*55
$GPGGA,105425.60,5700.92050,N,00958.64331,E,1,10,0.94,-2.2,M,42.5,M,,*74
$GPRMC,105425.80,A,5700.92051,N,00958.64331,E,0.129,66.56,071115,,,A*51
$GPGGA,105425.80,5700.92051,N,00958.64331,E,1,10,0.94,-2.2,M,42.5,M,,*7B
$GPRMC,105426.00,A,5700.92052,N,00958.64331,E,0.138,66.68,071115,,,A*54
$GPGGA,105426.00,5700.92052,N,00958.64331,E,1,10,0.94,-2.2,M,42.5,M,,*73
$GPRMC,105426.20,A,5700.92053,N,00958.64332,E,0.164,66.02,071115,,,A*51
$GPGGA,105426.20,5700.92053,N,00958.64332,E,1,10,0.94,-2.2,M,42.5,M,,*73
$GPRMC,105426.40,A,5700.92054,N,00958.64332,E,0.118,66.40,071115,,,A*5D
$GPGGA,105426.40,5700.92054,N,00958.64332,E,1,10,0.94,-2.2,M,42.5,M,,*72
$GPRMC,105426.60,A,5700.92054,N,00958.64331,E,0.102,66.19,071115,,,A*5B
$GPGGA,105426.60,5700.92054,N,00958.64331,E,1,10,0.94,-2.2,M,42.5,M,,*73
$GPRMC,105426.80,A,5700.92055,N,00958.64332,E,0.116,66.51,071115,,,A*5E
$GPGGA,105426.80,5700.92055,N,00958.64332,E,1,10,0.94,-2.2,M,42.5,M,,*7F
$GPRMC,105427.00,A,5700.92055,N,00958.64332,E,0.162,66.83,071115,,,A*5B
$GPGGA,105427.00,5700.92055,N,00958.64332,E,1,10,0.94,-2.2,M,42.5,M,,*76
$GPRMC,105427.20,A,5700.92056,N,00958.64333,E,0.070,67.35,071115,,,A*55
$GPGGA,105427.20,5700.92056,N,00958.64333,E,1,10,0.94,-2.2,M,42.5,M,,*76
$GPRMC,105427.40,A,5700.92056,N,00958.64333,E,0.101,67.77,071115,,,A*52
$GPGGA,105427.40,5700.92056,N,00958.64333,E,1,10,0.94,-2.2,M,42.5,M,,*70
$GPRMC,105427.60,A,5700.92057,N,00958.64333,E,0.123,67.94,071115,,,A*5C
$GPGGA,105427.60,5700.92057,N,00958.64333,E,1,10,0.94,-2.2,M,42.5,M,,*73
$GPRMC,105427.80,A,5700.92057,N,00958.64333,E,0.129,67.76,071115,,,A*54
$GPGGA,105427.80,5700.92057,N,00958.64333,E,1,10,0.94,-2.2,M,42.5,M,,*7D
$GPRMC,105428.00,A,5700.92058,N,00958.64333,E,0.121,68.27,071115,,,A*5F
$GPGGA,105428.00,5700.92058,N,00958.64333,E,1,10,0.94,-2.2,M,42.5,M,,*75
$GPRMC,105428.20,A,5700.92058,N,00958.64333,E,0.096,69.13,071115,,,A*56
$GPGGA,105428.20,5700.92058,N,00958.64333,E,1,10,0.94,-2.2,M,42.5,M,,*77
$GPRMC,105428.40,A,5700.92058,N,00958.64334,E,0.172,69.07,071115,,,A*59
$GPGGA,105428.40,5700.92058,N,00958.64334,E,1,10,0.94,-2.2,M,42.5,M,,*76
$GPRMC,105428.60,A,5700.92059,N,00958.64335,E,0.113,69.55,071115,,,A*5B
$GPGGA,105428.60,5700.92059,N,00958.64335,E,1,10,0.94,-2.2,M,42.5,M,,*74
$GPRMC,105428.80,A,5700.92059,N,00958.64335,E,0.143,69.31,071115,,,A*52
$GPGGA,105428.80,5700.92059,N,00958.64335,E,1,10,0.94,-2.2,M,42.5,M,,*7A
$GPRMC,105429.00,A,5700.92059,N,00958.64335,E,0.117,69.63,071115,,,A*5D
$GPGGA,105429.00,5700.92059,N,00958.64335,E,1,10,0.94,-2.1,M,42.5,M,,*70
$GPRMC,105429.20,A,5700.92059,N,00958.64336,E,0.157,69.46,071115,,,A*5F
$GPGGA,105429.20,5700.92059,N,00958.64336,E,1,10,0.94,-2.1,M,42.5,M,,*71
$GPRMC,105429.40,A,5700.92059,N,00958.64336,E,0.129,69.60,071115,,,A*54
$GPGGA,105429.40,5700.92059,N,00958.64336,E,1,10,0.94,-2.1,M,42.5,M,,*77
$GPRMC,105429.60,A,5700.92059,N,00958.64337,E,0.097,69.78,071115,,,A*5A
$GPGGA,105429.60,5700.92059,N,00958.64337,E,1,10,0.94,-2.1,M,42.5,M,,*74
$GPRMC,105429.80,A,5700.92059,N,00958.64338,E,0.141,69.95,071115,,,A*52
$GPGGA,105429.80,5700.92059,N,00958.64338,E,1,10,0.94,-2.1,M,42.5,M,,*75
$GPRMC,105430.00,A,5700.92059,N,00958.64340,E,0.158,69.77,071115,,,A*59
$GPGGA,105430.00,5700.92059,N,00958.64340,E,1,10,0.94,-2.1,M,42.5,M,,*7A
$GPRMC,105430.20,A,5700.92059,N,00958.64341,E,0.109,70.18,071115,,,A*5F
$GPGGA,105430.20,5700.92059,N,00958.64341,E,1,10,0.94,-2.1,M,42.5,M,,*79
$GPRMC,105430.40,A,5700.92059,N,00958.64342,E,0.099,70.83,071115,,,A*50
$GPGGA,105430.40,5700.92059,N,00958.64342,E,1,10,0.94,-2.1,M,42.5,M,,*7C
$GPRMC,105430.60,A,5700.92059,N,00958.64343,E,0.109,70.77,071115,,,A*50
$GPGGA,105430.60,5700.92059,N,00958.64343,E,1,10,0.94,-2.1,M,42.5,M,,*7F
$GPRMC,105430.80,A,5700.92060,N,00958.64345,E,0.155,70.81,071115,,,A*52
$GPGGA,105430.80,5700.92060,N,00958.64345,E,1,10,0.94,-2.1,M,42.5,M,,*7D
$GPRMC,105431.00,A,5700.92060,N,00958.64346,E,0.137,70.82,071115,,,A*5F
$GPGGA,105431.00,5700.92060,N,00958.64346,E,1,10,0.94,-2.1,M,42.5,M,,*77
$GPRMC,105431.20,A,5700.92060,N,00958.64348,E,0.146,70.78,071115,,,A*50
$GPGGA,105431.20,5700.92060,N,00958.64348,E,1,10,0.94,-2.1,M,42.5,M,,*7B
$GPRMC,105431.40,A,5700.92061,N,00958.64349,E,0.116,71.60,071115,,,A*5B
$GPGGA,105431.40,5700.92061,N,00958.64349,E,1,10,0.94,-2.1,M,42.5,M,,*7D
$GPRMC,105431.60,A,5700.92061,N,00958.64350,E,0.140,71.45,071115,,,A*55
$GPGGA,105431.60,5700.92061,N,00958.64350,E,1,10,0.94,-2.0,M,42.5,M,,*76
$GPRMC,105431.80,A,5700.92061,N,00958.64351,E,0.097,71.44,071115,,,A*50
$GPGGA,105431.80,5700.92061,N,00958.64351,E,1,10,0.94,-2.0,M,42.5,M,,*79
$GPRMC,105432.00,A,5700.92061,N,00958.64352,E,0.160,71.17,071115,,,A*57
$GPGGA,105432.00,5700.92061,N,00958.64352,E,1,10,0.94,-2.0,M,42.5,M,,*71
$GPRMC,105432.20,A,5700.92062,N,00958.64354,E,0.124,72.00,071115,,,A*55
$GPGGA,105432.20,5700.92062,N,00958.64354,E,1,10,0.94,-2.0,M,42.5,M,,*76
$GPRMC,105432.40,A,5700.92062,N,00958.64355,E,0.116,72.82,071115,,,A*59
$GPGGA,105432.40,5700.92062,N,00958.64355,E,1,10,0.94,-2.0,M,42.5,M,,*71
$GPRMC,105432.60,A,5700.92061,N,00958.64357,E,0.148,72.51,071115,,,A*5F
$GPGGA,105432.60,5700.92061,N,00958.64357,E,1,10,0.94,-2.0,M,42.5,M,,*72
$GPRMC,105432.80,A,5700.92061,N,00958.64358,E,0.107,72.80,071115,,,A*59
$GPGGA,105432.80,5700.92061,N,00958.64358,E,1,10,0.94,-2.0,M,42.5,M,,*73
$GPRMC,105433.00,A,5700.92061,N,00958.64359,E,0.129,72.77,071115,,,A*55
$GPGGA,105433.00,5700.92061,N,00958.64359,E,1,10,0.94,-2.0,M,42.5,M,,*7B
$GPRMC,105433.20,A,5700.92061,N,00958.64360,E,0.142,72.93,071115,,,A*5A
$GPGGA,105433.20,5700.92061,N,00958.64360,E,1,10,0.94,-2.0,M,42.5,M,,*73
$GPRMC,105433.40,A,5700.92060,N,00958.64361,E,0.097,73.57,071115,,,A*5C
$GPGGA,105433.40,5700.92060,N,00958.64361,E,1,10,0.94,-1.9,M,42.5,M,,*7F
$GPRMC,105433.60,A,5700.92059,N,00958.64362,E,0.192,73.22,071115,,,A*51
$GPGGA,105433.60,5700.92059,N,00958.64362,E,1,10,0.94,-1.9,M,42.5,M,,*74
$GPRMC,105433.80,A,5700.92059,N,00958.64363,E,0.160,73.08,071115,,,A*5B
$GPGGA,105433.80,5700.92059,N,00958.64363,E,1,10,0.94,-1.9,M,42.5,M,,*7B
$GPRMC,105434.00,A,5700.92058,N,00958.64364,E,0.110,73.16,071115,,,A*5A
$GPGGA,105434.00,5700.92058,N,00958.64364,E,1,10,0.94,-1.9,M,42.5,M,,*72
$GPRMC,105434.20,A,5700.92057,N,00958.64366,E,0.147,73.52,071115,,,A*57
$GPGGA,105434.20,5700.92057,N,00958.64366,E,1,10,0.94,-1.9,M,42.5,M,,*7D
$GPRMC,105434.40,A,5700.92056,N,00958.64368,E,0.151,73.75,071115,,,A*5C
$GPGGA,105434.40,5700.92056,N,00958.64368,E,1,10,0.94,-1.9,M,42.5,M,,*74
$GPRMC,105434.60,A,5700.92055,N,00958.64371,E,0.148,74.10,071115,,,A*59
$GPGGA,105434.60,5700.92055,N,00958.64371,E,1,10,0.94,-1.9,M,42.5,M,,*7D
$GPRMC,105434.80,A,5700.92054,N,00958.64373,E,0.163,74.30,071115,,,A*5F
$GPGGA,105434.80,5700.92054,N,00958.64373,E,1,10,0.94,-1.9,M,42.5,M,,*70
$GPRMC,105435.00,A,5700.92053,N,00958.64375,E,0.128,74.32,071115,,,A*5A
$GPGGA,105435.00,5700.92053,N,00958.64375,E,1,10,0.94,-1.9,M,42.5,M,,*78
$GPRMC,105435.20,A,5700.92052,N,00958.64377,E,0.147,74.83,071115,,,A*58
$GPGGA,105435.20,5700.92052,N,00958.64377,E,1,10,0.94,-1.9,M,42.5,M,,*79
$GPRMC,105435.40,A,5700.92052,N,00958.64379,E,0.177,74.83,071115,,,A*53
$GPGGA,105435.40,5700.92052,N,00958.64379,E,1,10,0.94,-1.9,M,42.5,M,,*71
$GPRMC,105435.60,A,5700.92051,N,00958.64380,E,0.123,75.07,071115,,,A*58
$GPGGA,105435.60,5700.92051,N,00958.64380,E,1,10,0.94,-1.9,M,42.5,M,,*76
$GPRMC,105435.80,A,5700.92051,N,00958.64382,E,0.156,75.46,071115,,,A*53
$GPGGA,105435.80,5700.92051,N,00958.64382,E,1,10,0.94,-1.9,M,42.5,M,,*7A
$GPRMC,105436.00,A,5700.92051,N,00958.64384,E,0.151,75.81,071115,,,A*52
$GPGGA,105436.00,5700.92051,N,00958.64384,E,1,10,0.94,-1.9,M,42.5,M,,*77
$GPRMC,105436.20,A,5700.92051,N,00958.64386,E,0.162,75.54,071115,,,A*5A
$GPGGA,105436.20,5700.92051,N,00958.64386,E,1,10,0.94,-1.9,M,42.5,M,,*77
$GPRMC,105436.40,A,5700.92052,N,00958.64387,E,0.145,75.60,071115,,,A*5C
$GPGGA,105436.40,5700.92052,N,00958.64387,E,1,10,0.94,-1.9,M,42.5,M,,*73
$GPRMC,105436.60,A,5700.92052,N,00958.64389,E,0.157,76.38,071115,,,A*5D
$GPGGA,105436.60,5700.92052,N,00958.64389,E,1,10,0.94,-1.8,M,42.5,M,,*7E
$GPRMC,105436.80,A,5700.92052,N,00958.64392,E,0.122,77.35,071115,,,A*57
$GPGGA,105436.80,5700.92052,N,00958.64392,E,1,10,0.94,-1.8,M,42.5,M,,*7A
$GPRMC,105437.00,A,5700.92052,N,00958.64394,E,0.189,77.33,071115,,,A*5F
$GPGGA,105437.00,5700.92052,N,00958.64394,E,1,10,0.94,-1.8,M,42.5,M,,*75
$GPRMC,105437.20,A,5700.92052,N,00958.64397,E,0.174,77.33,071115,,,A*5C
$GPGGA,105437.20,5700.92052,N,00958.64397,E,1,10,0.94,-1.8,M,42.5,M,,*74
$GPRMC,105437.40,A,5700.92053,N,00958.64399,E,0.152,78.26,071115,,,A*5A
$GPGGA,105437.40,5700.92053,N,00958.64399,E,1,10,0.94,-1.7,M,42.5,M,,*72
$GPRMC,105437.60,A,5700.92052,N,00958.64401,E,0.174,78.21,071115,,,A*5C
$GPGGA,105437.60,5700.92052,N,00958.64401,E,1,10,0.94,-1.7,M,42.5,M,,*77
$GPRMC,105437.80,A,5700.92052,N,00958.64404,E,0.181,78.05,071115,,,A*5B
$GPGGA,105437.80,5700.92052,N,00958.64404,E,1,10,0.94,-1.7,M,42.5,M,,*7C
$GPRMC,105438.00,A,5700.92052,N,00958.64406,E,0.145,78.61,071115,,,A*54
$GPGGA,105438.00,5700.92052,N,00958.64406,E,1,10,0.94,-1.6,M,42.5,M,,*78
$GPRMC,105438.20,A,5700.92052,N,00958.64408,E,0.168,79.06,071115,,,A*57
$GPGGA,105438.20,5700.92052,N,00958.64408,E,1,10,0.94,-1.6,M,42.5,M,,*74
$GPRMC,105438.40,A,5700.92052,N,00958.64411,E,0.150,78.74,071115,,,A*56
$GPGGA,105438.40,5700.92052,N,00958.64411,E,1,10,0.94,-1.6,M,42.5,M,,*7A
$GPRMC,105438.60,A,5700.92052,N,00958.64412,E,0.178,78.24,071115,,,A*58
$GPGGA,105438.60,5700.92052,N,00958.64412,E,1,10,0.94,-1.6,M,42.5,M,,*7B
$GPRMC,105438.80,A,5700.92052,N,00958.64414,E,0.161,78.59,071115,,,A*52
$GPGGA,105438.80,5700.92052,N,00958.64414,E,1,10,0.94,-1.6,M,42.5,M,,*73
$GPRMC,105439.00,A,5700.92053,N,00958.64416,E,0.148,79.21,071115,,,A*5D
$GPGGA,105439.00,5700.92053,N,00958.64416,E,1,10,0.94,-1.6,M,42.5,M,,*79
$GPRMC,105439.20,A,5700.92053,N,00958.64418,E,0.140,79.98,071115,,,A*5B
$GPGGA,105439.20,5700.92053,N,00958.64418,E,1,10,0.94,-1.6,M,42.5,M,,*75
$GPRMC,105439.40,A,5700.92053,N,00958.64419,E,0.116,79.91,071115,,,A*56
$GPGGA,105439.40,5700.92053,N,00958.64419,E,1,10,0.94,-1.5,M,42.5,M,,*71
$GPRMC,105439.60,A,5700.92053,N,00958.64420,E,0.181,80.08,071115,,,A*56
$GPGGA,105439.60,5700.92053,N,00958.64420,E,1,10,0.94,-1.5,M,42.5,M,,*79
$GPRMC,105439.80,A,5700.92054,N,00958.64422,E,0.164,80.21,071115,,,A*5D
$GPGGA,105439.80,5700.92054,N,00958.64422,E,1,10,0.94,-1.5,M,42.5,M,,*72
$GPRMC,105440.00,A,5700.92054,N,00958.64423,E,0.113,80.83,071115,,,A*52
$GPGGA,105440.00,5700.92054,N,00958.64423,E,1,10,0.94,-1.5,M,42.5,M,,*75
$GPRMC,105440.20,A,5700.92054,N,00958.64424,E,0.186,80.61,071115,,,A*57
$GPGGA,105440.20,5700.92054,N,00958.64424,E,1,10,0.94,-1.6,M,42.5,M,,*73
$GPRMC,105440.40,A,5700.92054,N,00958.64425,E,0.204,79.82,071115,,,A*52
$GPGGA,105440.40,5700.92054,N,00958.64425,E,1,10,0.94,-1.6,M,42.5,M,,*74
$GPRMC,105440.60,A,5700.92055,N,00958.64426,E,0.125,80.15,071115,,,A*5A
$GPGGA,105440.60,5700.92055,N,00958.64426,E,1,10,0.94,-1.6,M,42.5,M,,*74
$GPRMC,105440.80,A,5700.92055,N,00958.64427,E,0.146,81.14,071115,,,A*50
$GPGGA,105440.80,5700.92055,N,00958.64427,E,1,10,0.94,-1.6,M,42.5,M,,*7B
$GPRMC,105441.00,A,5700.92055,N,00958.64428,E,0.137,81.32,071115,,,A*54
$GPGGA,105441.00,5700.92055,N,00958.64428,E,1,10,0.94,-1.6,M,42.5,M,,*7D
$GPRMC,105441.20,A,5700.92055,N,00958.64429,E,0.164,81.05,071115,,,A*55
$GPGGA,105441.20,5700.92055,N,00958.64429,E,1,10,0.94,-1.7,M,42.5,M,,*7F
$GPRMC,105441.40,A,5700.92055,N,00958.64429,E,0.165,81.41,071115,,,A*52
$GPGGA,105441.40,5700.92055,N,00958.64429,E,1,10,0.94,-1.7,M,42.5,M,,*79
$GPRMC,105441.60,A,5700.92055,N,00958.64430,E,0.121,81.97,071115,,,A*53
$GPGGA,105441.60,5700.92055,N,00958.64430,E,1,10,0.94,-1.7,M,42.5,M,,*73
$GPRMC,105441.80,A,5700.92055,N,00958.64430,E,0.173,82.19,071115,,,A*5F
$GPGGA,105441.80,5700.92055,N,00958.64430,E,1,10,0.94,-1.7,M,42.5,M,,*7D
$GPRMC,105442.00,A,5700.92055,N,00958.64430,E,0.137,82.39,071115,,,A*56
$GPGGA,105442.00,5700.92055,N,00958.64430,E,1,10,0.94,-1.7,M,42.5,M,,*76
$GPRMC,105442.20,A,5700.92055,N,00958.64430,E,0.136,83.16,071115,,,A*59
$GPGGA,105442.20,5700.92055,N,00958.64430,E,1,10,0.94,-1.8,M,42.5,M,,*7B
$GPRMC,105442.40,A,5700.92056,N,00958.64430,E,0.114,83.53,071115,,,A*5D
$GPGGA,105442.40,5700.92056,N,00958.64430,E,1,10,0.94,-1.8,M,42.5,M,,*7E
$GPRMC,105442.60,A,5700.92056,N,00958.64430,E,0.177,83.85,071115,,,A*51
$GPGGA,105442.60,5700.92056,N,00958.64430,E,1,10,0.94,-1.8,M,42.5,M,,*7C
$GPRMC,105442.80,A,5700.92056,N,00958.64431,E,0.147,84.68,071115,,,A*59
$GPGGA,105442.80,5700.92056,N,00958.64431,E,1,10,0.94,-1.8,M,42.5,M,,*73
$GPRMC,105443.00,A,5700.92055,N,00958.64432,E,0.143,84.70,071115,,,A*5D
$GPGGA,105443.00,5700.92055,N,00958.64432,E,1,10,0.94,-1.8,M,42.5,M,,*7A
$GPRMC,105443.20,A,5700.92056,N,00958.64433,E,0.170,85.18,071115,,,A*52
$GPGGA,105443.20,5700.92056,N,00958.64433,E,1,10,0.94,-1.8,M,42.5,M,,*7A
$GPRMC,105443.40,A,5700.92056,N,00958.64434,E,0.148,85.38,071115,,,A*5A
$GPGGA,105443.40,5700.92056,N,00958.64434,E,1,10,0.94,-1.8,M,42.5,M,,*7B
$GPRMC,105443.60,A,5700.92056,N,00958.64435,E,0.140,85.83,071115,,,A*51
$GPGGA,105443.60,5700.92056,N,00958.64435,E,1,10,0.94,-1.8,M,42.5,M,,*78
$GPRMC,105443.80,A,5700.92056,N,00958.64436,E,0.119,86.63,071115,,,A*5D
$GPGGA,105443.80,5700.92056,N,00958.64436,E,1,10,0.94,-1.8,M,42.5,M,,*75
$GPRMC,105444.00,A,5700.92056,N,00958.64438,E,0.145,86.98,071115,,,A*51
$GPGGA,105444.00,5700.92056,N,00958.64438,E,1,10,0.94,-1.8,M,42.5,M,,*74
$GPRMC,105444.20,A,5700.92056,N,00958.64439,E,0.180,86.64,071115,,,A*58
$GPGGA,105444.20,5700.92056,N,00958.64439,E,1,10,0.94,-1.8,M,42.5,M,,*77
$GPRMC,105444.40,A,5700.92056,N,00958.64440,E,0.136,87.07,071115,,,A*59
$GPGGA,105444.40,5700.92056,N,00958.64440,E,1,10,0.94,-1.8,M,42.5,M,,*7F
$GPRMC,105444.60,A,5700.92056,N,00958.64441,E,0.146,87.47,071115,,,A*59
$GPGGA,105444.60,5700.92056,N,00958.64441,E,1,10,0.94,-1.8,M,42.5,M,,*7C
$GPRMC,105444.80,A,5700.92056,N,00958.64442,E,0.129,87.87,071115,,,A*51
$GPGGA,105444.80,5700.92056,N,00958.64442,E,1,10,0.94,-1.9,M,42.5,M,,*70
$GPRMC,105445.00,A,5700.92056,N,00958.64443,E,0.159,88.12,071115,,,A*5D
$GPGGA,105445.00,5700.92056,N,00958.64443,E,1,10,0.94,-1.9,M,42.5,M,,*78
$GPRMC,105445.20,A,5700.92055,N,00958.64444,E,0.114,88.51,071115,,,A*55
$GPGGA,105445.20,5700.92055,N,00958.64444,E,1,10,0.94,-1.9,M,42.5,M,,*7E
$GPRMC,105445.40,A,5700.92055,N,00958.64445,E,0.139,89.00,071115,,,A*58
$GPGGA,105445.40,5700.92055,N,00958.64445,E,1,10,0.94,-1.9,M,42.5,M,,*79
$GPRMC,105445.60,A,5700.92054,N,00958.64446,E,0.175,89.71,071115,,,A*56
$GPGGA,105445.60,5700.92054,N,00958.64446,E,1,10,0.94,-2.0,M,42.5,M,,*73
$GPRMC,105445.80,A,5700.92053,N,00958.64447,E,0.173,89.35,071115,,,A*58
$GPGGA,105445.80,5700.92053,N,00958.64447,E,1,10,0.94,-2.0,M,42.5,M,,*7B
$GPRMC,105446.00,A,5700.92053,N,00958.64447,E,0.108,90.34,071115,,,A*56
$GPGGA,105446.00,5700.92053,N,00958.64447,E,1,10,0.94,-2.0,M,42.5,M,,*70
$GPRMC,105446.20,A,5700.92052,N,00958.64448,E,0.176,90.93,071115,,,A*5E
$GPGGA,105446.20,5700.92052,N,00958.64448,E,1,10,0.94,-2.0,M,42.5,M,,*7C
$GPRMC,105446.40,A,5700.92051,N,00958.64449,E,0.161,91.09,071115,,,A*5E
$GPGGA,105446.40,5700.92051,N,00958.64449,E,1,10,0.94,-2.0,M,42.5,M,,*78
$GPRMC,105446.60,A,5700.92051,N,00958.64450,E,0.090,90.69,071115,,,A*5C
$GPGGA,105446.60,5700.92051,N,00958.64450,E,1,10,0.94,-2.0,M,42.5,M,,*72
$GPRMC,105446.80,A,5700.92050,N,00958.64451,E,0.128,90.22,071115,,,A*5F
$GPGGA,105446.80,5700.92050,N,00958.64451,E,1,10,0.94,-2.0,M,42.5,M,,*7C
$GPRMC,105447.00,A,5700.92050,N,00958.64454,E,0.194,90.68,071115,,,A*5A
$GPGGA,105447.00,5700.92050,N,00958.64454,E,1,10,0.94,-2.1,M,42.5,M,,*71
$GPRMC,105447.20,A,5700.92049,N,00958.64456,E,0.173,91.52,071115,,,A*53
$GPGGA,105447.20,5700.92049,N,00958.64456,E,1,10,0.94,-2.1,M,42.5,M,,*79
$GPRMC,105447.40,A,5700.92049,N,00958.64457,E,0.096,91.21,071115,,,A*5A
$GPGGA,105447.40,5700.92049,N,00958.64457,E,1,10,0.94,-2.1,M,42.5,M,,*7E
$GPRMC,105447.60,A,5700.92049,N,00958.64459,E,0.170,91.28,071115,,,A*56
$GPGGA,105447.60,5700.92049,N,00958.64459,E,1,10,0.94,-2.1,M,42.5,M,,*72
$GPRMC,105447.80,A,5700.92049,N,00958.64461,E,0.163,91.11,071115,,,A*5B
$GPGGA,105447.80,5700.92049,N,00958.64461,E,1,10,0.94,-2.1,M,42.5,M,,*77
$GPRMC,105448.00,A,5700.92049,N,00958.64464,E,0.145,91.76,071115,,,A*5C
$GPGGA,105448.00,5700.92049,N,00958.64464,E,1,10,0.94,-2.1,M,42.5,M,,*75
$GPRMC,105448.20,A,5700.92049,N,00958.64465,E,0.113,93.74,071115,,,A*5C
$GPGGA,105448.20,5700.92049,N,00958.64465,E,1,10,0.94,-2.1,M,42.5,M,,*76
$GPRMC,105448.40,A,5700.92049,N,00958.64467,E,0.184,94.33,071115,,,A*52
$GPGGA,105448.40,5700.92049,N,00958.64467,E,1,10,0.94,-2.1,M,42.5,M,,*72
$GPRMC,105448.60,A,5700.92048,N,00958.64469,E,0.204,93.43,071115,,,A*54
$GPGGA,105448.60,5700.92048,N,00958.64469,E,1,10,0.94,-2.1,M,42.5,M,,*7F
$GPRMC,105448.80,A,5700.92049,N,00958.64471,E,0.116,93.38,071115,,,A*5E
$GPGGA,105448.80,5700.92049,N,00958.64471,E,1,10,0.94,-2.1,M,42.5,M,,*79
$GPRMC,105449.00,A,5700.92049,N,00958.64473,E,0.127,94.39,071115,,,A*51
$GPGGA,105449.00,5700.92049,N,00958.64473,E,1,10,0.94,-2.1,M,42.5,M,,*72
$GPRMC,105449.20,A,5700.92048,N,00958.64475,E,0.160,94.56,071115,,,A*5E
$GPGGA,105449.20,5700.92048,N,00958.64475,E,1,10,0.94,-2.1,M,42.5,M,,*77
$GPRMC,105449.40,A,5700.92048,N,00958.64477,E,0.167,94.30,071115,,,A*5D
$GPGGA,105449.40,5700.92048,N,00958.64477,E,1,10,0.94,-2.1,M,42.5,M,,*73
$GPRMC,105449.60,A,5700.92048,N,00958.64478,E,0.127,95.18,071115,,,A*5F
$GPGGA,105449.60,5700.92048,N,00958.64478,E,1,10,0.94,-2.1,M,42.5,M,,*7E
$GPRMC,105449.80,A,5700.92048,N,00958.64480,E,0.152,95.35,071115,,,A*5B
$GPGGA,105449.80,5700.92048,N,00958.64480,E,1,10,0.94,-2.1,M,42.5,M,,*77
$GPRMC,105450.00,A,5700.92047,N,00958.64482,E,0.179,95.36,071115,,,A*5C
$GPGGA,105450.00,5700.92047,N,00958.64482,E,1,10,0.94,-2.1,M,42.5,M,,*7A
$GPRMC,105450.20,A,5700.92047,N,00958.64484,E,0.121,96.02,071115,,,A*51
$GPGGA,105450.20,5700.92047,N,00958.64484,E,1,10,0.94,-2.1,M,42.5,M,,*7E
$GPRMC,105450.40,A,5700.92046,N,00958.64486,E,0.174,96.84,071115,,,A*5A
$GPGGA,105450.40,5700.92046,N,00958.64486,E,1,10,0.94,-2.1,M,42.5,M,,*7B
$GPRMC,105450.60,A,5700.92045,N,00958.64488,E,0.131,96.26,071115,,,A*5C
$GPGGA,105450.60,5700.92045,N,00958.64488,E,1,10,0.94,-2.1,M,42.5,M,,*74
$GPRMC,105450.80,A,5700.92045,N,00958.64490,E,0.168,96.00,071115,,,A*53
$GPGGA,105450.80,5700.92045,N,00958.64490,E,1,10,0.94,-2.1,M,42.5,M,,*73
$GPRMC,105451.00,A,5700.92044,N,00958.64493,E,0.132,96.05,071115,,,A*52
$GPGGA,105451.00,5700.92044,N,00958.64493,E,1,10,0.94,-2.1,M,42.5,M,,*78
$GPRMC,105451.20,A,5700.92044,N,00958.64495,E,0.149,96.40,071115,,,A*5B
$GPGGA,105451.20,5700.92044,N,00958.64495,E,1,10,0.94,-2.2,M,42.5,M,,*7F
$GPRMC,105451.40,A,5700.92044,N,00958.64497,E,0.147,96.25,071115,,,A*52
$GPGGA,105451.40,5700.92044,N,00958.64497,E,1,10,0.94,-2.2,M,42.5,M,,*7B
$GPRMC,105451.60,A,5700.92044,N,00958.64500,E,0.189,96.67,071115,,,A*5B
$GPGGA,105451.60,5700.92044,N,00958.64500,E,1,10,0.94,-2.2,M,42.5,M,,*76
$GPRMC,105451.80,A,5700.92044,N,00958.64502,E,0.133,97.20,071115,,,A*54
$GPGGA,105451.80,5700.92044,N,00958.64502,E,1,10,0.94,-2.2,M,42.5,M,,*7A
$GPRMC,105452.00,A,5700.92044,N,00958.64503,E,0.124,97.84,071115,,,A*56
$GPGGA,105452.00,5700.92044,N,00958.64503,E,1,10,0.94,-2.2,M,42.5,M,,*70
$GPRMC,105452.20,A,5700.92044,N,00958.64505,E,0.176,97.71,071115,,,A*5F
$GPGGA,105452.20,5700.92044,N,00958.64505,E,1,10,0.94,-2.2,M,42.5,M,,*74
$GPRMC,105452.40,A,5700.92044,N,00958.64506,E,0.126,97.84,071115,,,A*55
$GPGGA,105452.40,5700.92044,N,00958.64506,E,1,10,0.94,-2.3,M,42.5,M,,*70
$GPRMC,105452.60,A,5700.92045,N,00958.64508,E,0.158,99.26,071115,,,A*57
$GPGGA,105452.60,5700.92045,N,00958.64508,E,1,10,0.94,-2.3,M,42.5,M,,*7D
$GPRMC,105452.80,A,5700.92045,N,00958.64509,E,0.169,99.46,071115,,,A*5C
$GPGGA,105452.80,5700.92045,N,00958.64509,E,1,10,0.94,-2.3,M,42.5,M,,*72
$GPRMC,105453.00,A,5700.92045,N,00958.64510,E,0.168,99.62,071115,,,A*5A
$GPGGA,105453.00,5700.92045,N,00958.64510,E,1,10,0.94,-2.3,M,42.5,M,,*73
$GPRMC,105453.20,A,5700.92045,N,00958.64511,E,0.093,99.33,071115,,,A*58
$GPGGA,105453.20,5700.92045,N,00958.64511,E,1,10,0.94,-2.4,M,42.5,M,,*77
$GPRMC,105453.40,A,5700.92046,N,00958.64511,E,0.165,100.38,071115,,,A*6F
$GPGGA,105453.40,5700.92046,N,00958.64511,E,1,10,0.94,-2.4,M,42.5,M,,*72
$GPRMC,105453.60,A,5700.92046,N,00958.64512,E,0.173,100.72,071115,,,A*67
$GPGGA,105453.60,5700.92046,N,00958.64512,E,1,10,0.94,-2.4,M,42.5,M,,*73
$GPRMC,105453.80,A,5700.92046,N,00958.64512,E,0.094,100.53,071115,,,A*62
$GPGGA,105453.80,5700.92046,N,00958.64512,E,1,10,0.94,-2.4,M,42.5,M,,*7D
$GPRMC,105454.00,A,5700.92046,N,00958.64512,E,0.118,101.28,071115,,,A*65
$GPGGA,105454.00,5700.92046,N,00958.64512,E,1,10,0.94,-2.4,M,42.5,M,,*72
$GPRMC,105454.20,A,5700.92046,N,00958.64513,E,0.147,101.14,071115,,,A*63
$GPGGA,105454.20,5700.92046,N,00958.64513,E,1,10,0.94,-2.4,M,42.5,M,,*71
$GPRMC,105454.40,A,5700.92046,N,00958.64515,E,0.156,101.18,071115,,,A*6F
$GPGGA,105454.40,5700.92046,N,00958.64515,E,1,10,0.94,-2.4,M,42.5,M,,*71
$GPRMC,105454.60,A,5700.92046,N,00958.64516,E,0.126,102.22,071115,,,A*63
$GPGGA,105454.60,5700.92046,N,00958.64516,E,1,10,0.94,-2.4,M,42.5,M,,*70
$GPRMC,105454.80,A,5700.92046,N,00958.64516,E,0.133,102.84,071115,,,A*65
$GPGGA,105454.80,5700.92046,N,00958.64516,E,1,10,0.94,-2.4,M,42.5,M,,*7E
$GPRMC,105455.00,A,5700.92045,N,00958.64518,E,0.144,102.93,071115,,,A*67
$GPGGA,105455.00,5700.92045,N,00958.64518,E,1,10,0.94,-2.4,M,42.5,M,,*7A
$GPRMC,105455.20,A,5700.92044,N,00958.64520,E,0.187,102.88,071115,,,A*6A
$GPGGA,105455.20,5700.92044,N,00958.64520,E,1,10,0.94,-2.5,M,42.5,M,,*73
$GPRMC,105455.40,A,5700.92043,N,00958.64522,E,0.086,103.97,071115,,,A*66
$GPGGA,105455.40,5700.92043,N,00958.64522,E,1,10,0.94,-2.5,M,42.5,M,,*70
$GPRMC,105455.60,A,5700.92042,N,00958.64523,E,0.130,104.67,071115,,,A*60
$GPGGA,105455.60,5700.92042,N,00958.64523,E,1,10,0.94,-2.5,M,42.5,M,,*72
$GPRMC,105455.80,A,5700.92041,N,00958.64525,E,0.160,104.65,071115,,,A*6C
$GPGGA,105455.80,5700.92041,N,00958.64525,E,1,10,0.94,-2.5,M,42.5,M,,*79
$GPRMC,105456.00,A,5700.92040,N,00958.64526,E,0.136,104.43,071115,,,A*62
$GPGGA,105456.00,5700.92040,N,00958.64526,E,1,10,0.94,-2.5,M,42.5,M,,*70
$GPRMC,105456.20,A,5700.92039,N,00958.64527,E,0.117,105.14,071115,,,A*6F
$GPGGA,105456.20,5700.92039,N,00958.64527,E,1,10,0.94,-2.6,M,42.5,M,,*7E
$GPRMC,105456.40,A,5700.92039,N,00958.64528,E,0.106,105.94,071115,,,A*6E
$GPGGA,105456.40,5700.92039,N,00958.64528,E,1,10,0.94,-2.6,M,42.5,M,,*77
$GPRMC,105456.60,A,5700.92038,N,00958.64530,E,0.201,105.07,071115,,,A*6A
$GPGGA,105456.60,5700.92038,N,00958.64530,E,1,10,0.94,-2.6,M,42.5,M,,*7D
$GPRMC,105456.80,A,5700.92038,N,00958.64532,E,0.134,105.28,071115,,,A*6E
$GPGGA,105456.80,5700.92038,N,00958.64532,E,1,10,0.94,-2.6,M,42.5,M,,*71
$GPRMC,105457.00,A,5700.92038,N,00958.64533,E,0.118,106.56,071115,,,A*62
$GPGGA,105457.00,5700.92038,N,00958.64533,E,1,10,0.94,-2.6,M,42.5,M,,*79
$GPRMC,105457.20,A,5700.92038,N,00958.64534,E,0.145,106.99,071115,,,A*6C
$GPGGA,105457.20,5700.92038,N,00958.64534,E,1,10,0.94,-2.7,M,42.5,M,,*7D
$GPRMC,105457.40,A,5700.92037,N,00958.64536,E,0.133,107.12,071115,,,A*64
$GPGGA,105457.40,5700.92037,N,00958.64536,E,1,10,0.94,-2.7,M,42.5,M,,*76
$GPRMC,105457.60,A,5700.92037,N,00958.64537,E,0.131,107.31,071115,,,A*64
$GPGGA,105457.60,5700.92037,N,00958.64537,E,1,10,0.94,-2.7,M,42.5,M,,*75
$GPRMC,105457.80,A,5700.92037,N,00958.64538,E,0.100,107.34,071115,,,A*62
$GPGGA,105457.80,5700.92037,N,00958.64538,E,1,10,0.94,-2.7,M,42.5,M,,*74
$GPRMC,105458.00,A,5700.92037,N,00958.64540,E,0.175,105.86,071115,,,A*63
$GPGGA,105458.00,5700.92037,N,00958.64540,E,1,10,0.94,-2.7,M,42.5,M,,*7C
$GPRMC,105458.20,A,5700.92038,N,00958.64541,E,0.205,101.80,071115,,,A*69
$GPGGA,105458.20,5700.92038,N,00958.64541,E,1,10,0.94,-2.7,M,42.5,M,,*70
$GPRMC,105458.40,A,5700.92039,N,00958.64542,E,0.258,97.54,071115,,,A*52
$GPGGA,105458.40,5700.92039,N,00958.64542,E,1,10,0.94,-2.7,M,42.5,M,,*74
$GPRMC,105458.60,A,5700.92040,N,00958.64542,E,0.295,92.81,071115,,,A*52
$GPGGA,105458.60,5700.92040,N,00958.64542,E,1,10,0.94,-2.7,M,42.5,M,,*78
$GPRMC,105458.80,A,5700.92042,N,00958.64543,E,0.323,88.45,071115,,,A*50
$GPGGA,105458.80,5700.92042,N,00958.64543,E,1,10,0.94,-2.7,M,42.5,M,,*75
$GPRMC,105459.00,A,5700.92044,N,00958.64544,E,0.303,84.19,071115,,,A*5F
$GPGGA,105459.00,5700.92044,N,00958.64544,E,1,10,0.94,-2.7,M,42.5,M,,*7D
$GPRMC,105459.20,A,5700.92046,N,00958.64545,E,0.437,79.95,071115,,,A*58
$GPGGA,105459.20,5700.92046,N,00958.64545,E,1,10,0.94,-2.7,M,42.5,M,,*7C
$GPRMC,105459.40,A,5700.92049,N,00958.64546,E,0.508,75.93,071115,,,A*55
$GPGGA,105459.40,5700.92049,N,00958.64546,E,1,10,0.94,-2.7,M,42.5,M,,*76
$GPRMC,105459.60,A,5700.92052,N,00958.64547,E,0.484,71.96,071115,,,A*58
$GPGGA,105459.60,5700.92052,N,00958.64547,E,1,10,0.94,-2.7,M,42.5,M,,*7F
$GPRMC,105459.80,A,5700.92055,N,00958.64548,E,0.589,68.07,071115,,,A*52
$GPGGA,105459.80,5700.92055,N,00958.64548,E,1,10,0.94,-2.7,M,42.5,M,,*79
$GPRMC,105500.00,A,5700.92059,N,00958.64548,E,0.647,64.32,071115,,,A*50
$GPGGA,105500.00,5700.92059,N,00958.64548,E,1,10,0.94,-2.7,M,42.5,M,,*70
$GPRMC,105500.20,A,5700.92063,N,00958.64549,E,0.692,60.85,071115,,,A*5A
$GPGGA,105500.20,5700.92063,N,00958.64549,E,1,10,0.94,-2.7,M,42.5,M,,*7A
$GPRMC,105500.40,A,5700.92068,N,00958.64550,E,0.702,57.45,071115,,,A*5F
$GPGGA,105500.40,5700.92068,N,00958.64550,E,1,10,0.94,-2.7,M,42.5,M,,*7F
$GPRMC,105500.60,A,5700.92072,N,00958.64550,E,0.782,54.02,071115,,,A*5E
$GPGGA,105500.60,5700.92072,N,00958.64550,E,1,10,0.94,-2.7,M,42.5,M,,*76
$GPRMC,105500.80,A,5700.92077,N,00958.64551,E,0.830,50.88,071115,,,A*54
$GPGGA,105500.80,5700.92077,N,00958.64551,E,1,10,0.94,-2.7,M,42.5,M,,*7C
$GPRMC,105501.00,A,5700.92081,N,00958.64551,E,0.898,47.77,071115,,,A*50
$GPGGA,105501.00,5700.92081,N,00958.64551,E,1,10,0.94,-2.7,M,42.5,M,,*7C
$GPRMC,105501.20,A,5700.92087,N,00958.64551,E,0.929,44.53,071115,,,A*5A
$GPGGA,105501.20,5700.92087,N,00958.64551,E,1,10,0.94,-2.7,M,42.5,M,,*78
$GPRMC,105501.40,A,5700.92092,N,00958.64550,E,0.974,41.57,071115,,,A*50
$GPGGA,105501.40,5700.92092,N,00958.64550,E,1,10,0.94,-2.6,M,42.5,M,,*7A
$GPRMC,105501.60,A,5700.92098,N,00958.64549,E,0.984,38.53,071115,,,A*55
$GPGGA,105501.60,5700.92098,N,00958.64549,E,1,10,0.94,-2.6,M,42.5,M,,*7A
$GPRMC,105501.80,A,5700.92103,N,00958.64548,E,1.083,35.60,071115,,,A*5B
$GPGGA,105501.80,5700.92103,N,00958.64548,E,1,10,0.94,-2.6,M,42.5,M,,*76
$GPRMC,105502.00,A,5700.92109,N,00958.64546,E,1.085,32.66,071115,,,A*53
$GPGGA,105502.00,5700.92109,N,00958.64546,E,1,10,0.94,-2.6,M,42.5,M,,*79
$GPRMC,105502.20,A,5700.92115,N,00958.64544,E,1.142,29.89,071115,,,A*5F
$GPGGA,105502.20,5700.92115,N,00958.64544,E,1,10,0.94,-2.6,M,42.5,M,,*74
$GPRMC,105502.40,A,5700.92121,N,00958.64542,E,1.099,26.99,071115,,,A*51
$GPGGA,105502.40,5700.92121,N,00958.64542,E,1,10,0.94,-2.6,M,42.5,M,,*73
$GPRMC,105502.60,A,5700.92127,N,00958.64539,E,1.144,24.05,071115,,,A*5F
$GPGGA,105502.60,5700.92127,N,00958.64539,E,1,10,0.94,-2.6,M,42.5,M,,*7B
$GPRMC,105502.80,A,5700.92133,N,00958.64535,E,1.126,21.17,071115,,,A*5A
$GPGGA,105502.80,5700.92133,N,00958.64535,E,1,10,0.94,-2.5,M,42.5,M,,*7F
$GPRMC,105503.00,A,5700.92139,N,00958.64531,E,1.161,18.17,071115,,,A*54
$GPGGA,105503.00,5700.92139,N,00958.64531,E,1,10,0.94,-2.5,M,42.5,M,,*78
$GPRMC,105503.20,A,5700.92144,N,00958.64525,E,1.159,15.36,071115,,,A*5C
$GPGGA,105503.20,5700.92144,N,00958.64525,E,1,10,0.94,-2.5,M,42.5,M,,*75
$GPRMC,105503.40,A,5700.92149,N,00958.64519,E,1.167,12.41,071115,,,A*52
$GPGGA,105503.40,5700.92149,N,00958.64519,E,1,10,0.94,-2.5,M,42.5,M,,*71
$GPRMC,105503.60,A,5700.92154,N,00958.64512,E,1.141,9.19,071115,,,A*64
$GPGGA,105503.60,5700.92154,N,00958.64512,E,1,10,0.94,-2.5,M,42.5,M,,*74
$GPRMC,105503.80,A,5700.92159,N,00958.64504,E,1.170,6.10,071115,,,A*64
$GPGGA,105503.80,5700.92159,N,00958.64504,E,1,10,0.94,-2.5,M,42.5,M,,*70
$GPRMC,105504.00,A,5700.92163,N,00958.64496,E,1.177,2.98,071115,,,A*6B
$GPGGA,105504.00,5700.92163,N,00958.64496,E,1,10,0.94,-2.5,M,42.5,M,,*7C
$GPRMC,105504.20,A,5700.92167,N,00958.64488,E,1.134,359.49,071115,,,A*64
$GPGGA,105504.20,5700.92167,N,00958.64488,E,1,10,0.94,-2.5,M,42.5,M,,*75
$GPRMC,105504.40,A,5700.92170,N,00958.64479,E,1.122,356.09,071115,,,A*66
$GPGGA,105504.40,5700.92170,N,00958.64479,E,1,10,0.94,-2.5,M,42.5,M,,*7B
$GPRMC,105504.60,A,5700.92173,N,00958.64469,E,1.134,352.74,071115,,,A*6F
$GPGGA,105504.60,5700.92173,N,00958.64469,E,1,10,0.94,-2.5,M,42.5,M,,*7B
$GPRMC,105504.80,A,5700.92176,N,00958.64460,E,1.036,349.33,071115,,,A*67
$GPGGA,105504.80,5700.92176,N,00958.64460,E,1,10,0.94,-2.5,M,42.5,M,,*79
$GPRMC,105505.00,A,5700.92178,N,00958.64451,E,1.041,345.77,071115,,,A*6E
$GPGGA,105505.00,5700.92178,N,00958.64451,E,1,10,0.94,-2.5,M,42.5,M,,*7C
$GPRMC,105505.20,A,5700.92179,N,00958.64441,E,1.020,341.93,071115,,,A*65
$GPGGA,105505.20,5700.92179,N,00958.64441,E,1,10,0.94,-2.5,M,42.5,M,,*7E
$GPRMC,105505.40,A,5700.92180,N,00958.64432,E,1.017,338.16,071115,,,A*66
$GPGGA,105505.40,5700.92180,N,00958.64432,E,1,10,0.94,-2.5,M,42.5,M,,*7A
$GPRMC,105505.60,A,5700.92181,N,00958.64423,E,1.035,334.02,071115,,,A*6C
$GPGGA,105505.60,5700.92181,N,00958.64423,E,1,10,0.94,-2.5,M,42.5,M,,*79
$GPRMC,105505.80,A,5700.92180,N,00958.64413,E,1.010,329.89,071115,,,A*68
$GPGGA,105505.80,5700.92180,N,00958.64413,E,1,10,0.94,-2.5,M,42.5,M,,*75
$GPRMC,105506.00,A,5700.92180,N,00958.64403,E,0.957,325.79,071115,,,A*6A
$GPGGA,105506.00,5700.92180,N,00958.64403,E,1,10,0.94,-2.5,M,42.5,M,,*7F
$GPRMC,105506.20,A,5700.92179,N,00958.64394,E,1.003,321.37,071115,,,A*60
$GPGGA,105506.20,5700.92179,N,00958.64394,E,1,10,0.94,-2.6,M,42.5,M,,*71
$GPRMC,105506.40,A,5700.92177,N,00958.64385,E,0.903,316.90,071115,,,A*69
$GPGGA,105506.40,5700.92177,N,00958.64385,E,1,10,0.94,-2.6,M,42.5,M,,*79
$GPRMC,105506.60,A,5700.92175,N,00958.64377,E,0.941,312.55,071115,,,A*6F
$GPGGA,105506.60,5700.92175,N,00958.64377,E,1,10,0.94,-2.6,M,42.5,M,,*74
$GPRMC,105506.80,A,5700.92172,N,00958.64369,E,0.947,308.02,071115,,,A*66
$GPGGA,105506.80,5700.92172,N,00958.64369,E,1,10,0.94,-2.6,M,42.5,M,,*72
$GPRMC,105507.00,A,5700.92169,N,00958.64362,E,0.810,303.47,071115,,,A*67
$GPGGA,105507.00,5700.92169,N,00958.64362,E,1,10,0.94,-2.6,M,42.5,M,,*7A
$GPRMC,105507.20,A,5700.92165,N,00958.64356,E,0.900,298.95,071115,,,A*62
$GPGGA,105507.20,5700.92165,N,00958.64356,E,1,10,0.94,-2.6,M,42.5,M,,*73
$GPRMC,105507.40,A,5700.92162,N,00958.64350,E,0.972,294.50,071115,,,A*65
$GPGGA,105507.40,5700.92162,N,00958.64350,E,1,10,0.94,-2.6,M,42.5,M,,*74
$GPRMC,105507.60,A,5700.92157,N,00958.64344,E,0.846,289.54,071115,,,A*6A
$GPGGA,105507.60,5700.92157,N,00958.64344,E,1,10,0.94,-2.6,M,42.5,M,,*75
$GPRMC,105507.80,A,5700.92153,N,00958.64339,E,0.900,284.82,071115,,,A*6F
$GPGGA,105507.80,5700.92153,N,00958.64339,E,1,10,0.94,-2.6,M,42.5,M,,*75
$GPRMC,105508.00,A,5700.92148,N,00958.64334,E,0.830,280.03,071115,,,A*60
$GPGGA,105508.00,5700.92148,N,00958.64334,E,1,10,0.94,-2.6,M,42.5,M,,*75
$GPRMC,105508.20,A,5700.92143,N,00958.64330,E,0.776,274.95,071115,,,A*64
$GPGGA,105508.20,5700.92143,N,00958.64330,E,1,10,0.94,-2.6,M,42.5,M,,*78
$GPRMC,105508.40,A,5700.92139,N,00958.64328,E,0.812,269.88,071115,,,A*6B
$GPGGA,105508.40,5700.92139,N,00958.64328,E,1,10,0.94,-2.6,M,42.5,M,,*7A
$GPRMC,105508.60,A,5700.92134,N,00958.64325,E,0.804,264.90,071115,,,A*6A
$GPGGA,105508.60,5700.92134,N,00958.64325,E,1,10,0.94,-2.6,M,42.5,M,,*78
$GPRMC,105508.80,A,5700.92128,N,00958.64324,E,0.853,259.85,071115,,,A*60
$GPGGA,105508.80,5700.92128,N,00958.64324,E,1,10,0.94,-2.6,M,42.5,M,,*7A
$GPRMC,105509.00,A,5700.92123,N,00958.64324,E,0.806,254.59,071115,,,A*6E
$GPGGA,105509.00,5700.92123,N,00958.64324,E,1,10,0.94,-2.6,M,42.5,M,,*78
$GPRMC,105509.20,A,5700.92118,N,00958.64325,E,0.911,249.87,071115,,,A*6D
$GPGGA,105509.20,5700.92118,N,00958.64325,E,1,10,0.94,-2.6,M,42.5,M,,*73
$GPRMC,105509.40,A,5700.92112,N,00958.64327,E,0.877,244.88,071115,,,A*60
$GPGGA,105509.40,5700.92112,N,00958.64327,E,1,10,0.94,-2.6,M,42.5,M,,*7D
$GPRMC,105509.60,A,5700.92107,N,00958.64330,E,0.884,239.90,071115,,,A*6F
$GPGGA,105509.60,5700.92107,N,00958.64330,E,1,10,0.94,-2.5,M,42.5,M,,*7E
$GPRMC,105509.80,A,5700.92102,N,00958.64334,E,0.867,234.57,071115,,,A*6B
$GPGGA,105509.80,5700.92102,N,00958.64334,E,1,10,0.94,-2.5,M,42.5,M,,*71
$GPRMC,105510.00,A,5700.92098,N,00958.64338,E,0.891,229.57,071115,,,A*60
$GPGGA,105510.00,5700.92098,N,00958.64338,E,1,10,0.94,-2.5,M,42.5,M,,*7F
$GPRMC,105510.20,A,5700.92093,N,00958.64343,E,0.869,224.46,071115,,,A*6F
$GPGGA,105510.20,5700.92093,N,00958.64343,E,1,10,0.94,-2.5,M,42.5,M,,*7A
$GPRMC,105510.40,A,5700.92090,N,00958.64348,E,0.795,219.42,071115,,,A*67
$GPGGA,105510.40,5700.92090,N,00958.64348,E,1,10,0.94,-2.5,M,42.5,M,,*74
$GPRMC,105510.60,A,5700.92086,N,00958.64353,E,0.744,214.66,071115,,,A*6F
$GPGGA,105510.60,5700.92086,N,00958.64353,E,1,10,0.94,-2.5,M,42.5,M,,*7B
$GPRMC,105510.80,A,5700.92083,N,00958.64357,E,0.718,209.82,071115,,,A*6F
$GPGGA,105510.80,5700.92083,N,00958.64357,E,1,10,0.94,-2.5,M,42.5,M,,*74
$GPRMC,105511.00,A,5700.92080,N,00958.64362,E,0.668,205.54,071115,,,A*62
$GPGGA,105511.00,5700.92080,N,00958.64362,E,1,10,0.94,-2.5,M,42.5,M,,*78
$GPRMC,105511.20,A,5700.92078,N,00958.64366,E,0.604,201.27,071115,,,A*69
$GPGGA,105511.20,5700.92078,N,00958.64366,E,1,10,0.94,-2.5,M,42.5,M,,*79
$GPRMC,105511.40,A,5700.92076,N,00958.64371,E,0.571,197.02,071115,,,A*6D
$GPGGA,105511.40,5700.92076,N,00958.64371,E,1,10,0.94,-2.5,M,42.5,M,,*77
$GPRMC,105511.60,A,5700.92074,N,00958.64376,E,0.573,192.78,071115,,,A*60
$GPGGA,105511.60,5700.92074,N,00958.64376,E,1,10,1.01,-2.5,M,42.5,M,,*7D
$GPRMC,105511.80,A,5700.92072,N,00958.64381,E,0.520,188.16,071115,,,A*65
$GPGGA,105511.80,5700.92072,N,00958.64381,E,1,10,1.01,-2.6,M,42.5,M,,*7E
$GPRMC,105512.00,A,5700.92071,N,00958.64386,E,0.503,184.03,071115,,,A*63
$GPGGA,105512.00,5700.92071,N,00958.64386,E,1,10,1.01,-2.5,M,42.5,M,,*72
$GPRMC,105512.20,A,5700.92070,N,00958.64390,E,0.491,180.11,071115,,,A*6A
$GPGGA,105512.20,5700.92070,N,00958.64390,E,1,10,1.01,-2.6,M,42.5,M,,*75
$GPRMC,105512.40,A,5700.92069,N,00958.64394,E,0.450,176.46,071115,,,A*66
$GPGGA,105512.40,5700.92069,N,00958.64394,E,1,10,1.01,-2.6,M,42.5,M,,*7F
$GPRMC,105512.60,A,5700.92069,N,00958.64397,E,0.347,172.61,071115,,,A*67
$GPGGA,105512.60,5700.92069,N,00958.64397,E,1,10,1.01,-2.6,M,42.5,M,,*7E
$GPRMC,105512.80,A,5700.92069,N,00958.64401,E,0.381,169.24,071115,,,A*60
$GPGGA,105512.80,5700.92069,N,00958.64401,E,1,10,1.01,-2.6,M,42.5,M,,*78
$GPRMC,105513.00,A,5700.92068,N,00958.64405,E,0.352,165.85,071115,,,A*65
$GPGGA,105513.00,5700.92068,N,00958.64405,E,1,10,1.01,-2.6,M,42.5,M,,*74
$GPRMC,105513.20,A,5700.92068,N,00958.64409,E,0.326,162.82,071115,,,A*68
$GPGGA,105513.20,5700.92068,N,00958.64409,E,1,10,1.01,-2.6,M,42.5,M,,*7A
$GPRMC,105513.40,A,5700.92068,N,00958.64412,E,0.321,159.28,071115,,,A*6B
$GPGGA,105513.40,5700.92068,N,00958.64412,E,1,10,1.01,-2.6,M,42.5,M,,*76
$GPRMC,105513.60,A,5700.92067,N,00958.64415,E,0.309,155.96,071115,,,A*62
$GPGGA,105513.60,5700.92067,N,00958.64415,E,1,10,1.01,-2.6,M,42.5,M,,*7C
$GPRMC,105513.80,A,5700.92067,N,00958.64418,E,0.279,152.29,071115,,,A*64
$GPGGA,105513.80,5700.92067,N,00958.64418,E,1,10,1.01,-2.6,M,42.5,M,,*7F
$GPRMC,105514.00,A,5700.92067,N,00958.64420,E,0.281,147.99,071115,,,A*68
$GPGGA,105514.00,5700.92067,N,00958.64420,E,1,10,1.01,-2.7,M,42.5,M,,*7A
$GPRMC,105514.20,A,5700.92067,N,00958.64422,E,0.273,145.15,071115,,,A*63
$GPGGA,105514.20,5700.92067,N,00958.64422,E,1,10,1.01,-2.7,M,42.5,M,,*7A
$GPRMC,105514.40,A,5700.92068,N,00958.64425,E,0.261,142.23,071115,,,A*6C
$GPGGA,105514.40,5700.92068,N,00958.64425,E,1,10,1.01,-2.7,M,42.5,M,,*74
$GPRMC,105514.60,A,5700.92068,N,00958.64428,E,0.263,138.76,071115,,,A*6C
$GPGGA,105514.60,5700.92068,N,00958.64428,E,1,10,1.01,-2.6,M,42.5,M,,*7A
$GPRMC,105514.80,A,5700.92068,N,00958.64431,E,0.270,135.47,071115,,,A*67
$GPGGA,105514.80,5700.92068,N,00958.64431,E,1,10,1.01,-2.6,M,42.5,M,,*7C
$GPRMC,105515.00,A,5700.92069,N,00958.64434,E,0.245,133.22,071115,,,A*69
$GPGGA,105515.00,5700.92069,N,00958.64434,E,1,10,1.01,-2.6,M,42.5,M,,*71
$GPRMC,105515.20,A,5700.92069,N,00958.64436,E,0.212,130.66,071115,,,A*68
$GPGGA,105515.20,5700.92069,N,00958.64436,E,1,10,1.01,-2.6,M,42.5,M,,*71
$GPRMC,105515.40,A,5700.92069,N,00958.64439,E,0.236,127.79,071115,,,A*6F
$GPGGA,105515.40,5700.92069,N,00958.64439,E,1,10,1.01,-2.6,M,42.5,M,,*78
$GPRMC,105515.60,A,5700.92070,N,00958.64441,E,0.207,125.25,071115,,,A*63
$GPGGA,105515.60,5700.92070,N,00958.64441,E,1,10,1.01,-2.6,M,42.5,M,,*7D
$GPRMC,105515.80,A,5700.92070,N,00958.64444,E,0.199,123.68,071115,,,A*63
$GPGGA,105515.80,5700.92070,N,00958.64444,E,1,10,1.01,-2.6,M,42.5,M,,*76
$GPRMC,105516.00,A,5700.92070,N,00958.64446,E,0.206,121.54,071115,,,A*62
$GPGGA,105516.00,5700.92070,N,00958.64446,E,1,10,1.01,-2.6,M,42.5,M,,*7F
$GPRMC,105516.20,A,5700.92071,N,00958.64449,E,0.216,118.93,071115,,,A*6E
$GPGGA,105516.20,5700.92071,N,00958.64449,E,1,10,1.01,-2.6,M,42.5,M,,*73
$GPRMC,105516.40,A,5700.92071,N,00958.64451,E,0.193,117.65,071115,,,A*69
$GPGGA,105516.40,5700.92071,N,00958.64451,E,1,10,1.01,-2.6,M,42.5,M,,*7C
$GPRMC,105516.60,A,5700.92072,N,00958.64453,E,0.205,116.08,071115,,,A*6C
$GPGGA,105516.60,5700.92072,N,00958.64453,E,1,10,1.01,-2.6,M,42.5,M,,*7F
$GPRMC,105516.80,A,5700.92072,N,00958.64456,E,0.175,114.97,071115,,,A*67
$GPGGA,105516.80,5700.92072,N,00958.64456,E,1,10,1.01,-2.6,M,42.5,M,,*74
$GPRMC,105517.00,A,5700.92073,N,00958.64457,E,0.132,114.12,071115,,,A*60
$GPGGA,105517.00,5700.92073,N,00958.64457,E,1,10,1.01,-2.6,M,42.5,M,,*7D
$GPRMC,105517.20,A,5700.92073,N,00958.64458,E,0.197,112.78,071115,,,A*68
$GPGGA,105517.20,5700.92073,N,00958.64458,E,1,10,1.01,-2.6,M,42.5,M,,*70
$GPRMC,105517.40,A,5700.92073,N,00958.64460,E,0.209,110.97,071115,,,A*62
$GPGGA,105517.40,5700.92073,N,00958.64460,E,1,10,1.01,-2.6,M,42.5,M,,*7D
$GPRMC,105517.60,A,5700.92073,N,00958.64462,E,0.179,109.64,071115,,,A*62
$GPGGA,105517.60,5700.92073,N,00958.64462,E,1,10,1.01,-2.6,M,42.5,M,,*7D
$GPRMC,105517.80,A,5700.92074,N,00958.64463,E,0.182,108.48,071115,,,A*61
$GPGGA,105517.80,5700.92074,N,00958.64463,E,1,10,1.01,-2.6,M,42.5,M,,*75
$GPRMC,105518.00,A,5700.92075,N,00958.64464,E,0.214,106.85,071115,,,A*63
$GPGGA,105518.00,5700.92075,N,00958.64464,E,1,10,1.01,-2.6,M,42.5,M,,*74
$GPRMC,105518.20,A,5700.92075,N,00958.64466,E,0.162,105.95,071115,,,A*63
$GPGGA,105518.20,5700.92075,N,00958.64466,E,1,10,1.01,-2.5,M,42.5,M,,*77
$GPRMC,105518.40,A,5700.92076,N,00958.64466,E,0.105,104.61,071115,,,A*6D
$GPGGA,105518.40,5700.92076,N,00958.64466,E,1,10,1.01,-2.5,M,42.5,M,,*72
$GPRMC,105518.60,A,5700.92076,N,00958.64467,E,0.183,104.02,071115,,,A*65
$GPGGA,105518.60,5700.92076,N,00958.64467,E,1,10,1.01,-2.5,M,42.5,M,,*71
$GPRMC,105518.80,A,5700.92076,N,00958.64468,E,0.159,103.12,071115,,,A*65
$GPGGA,105518.80,5700.92076,N,00958.64468,E,1,10,1.01,-2.5,M,42.5,M,,*70
$GPRMC,105519.00,A,5700.92076,N,00958.64469,E,0.114,102.02,071115,,,A*64
$GPGGA,105519.00,5700.92076,N,00958.64469,E,1,10,1.01,-2.5,M,42.5,M,,*78
$GPRMC,105519.20,A,5700.92076,N,00958.64471,E,0.144,101.41,071115,,,A*6E
$GPGGA,105519.20,5700.92076,N,00958.64471,E,1,10,1.01,-2.5,M,42.5,M,,*73
$GPRMC,105519.40,A,5700.92076,N,00958.64473,E,0.225,99.35,071115,,,A*5D
$GPGGA,105519.40,5700.92076,N,00958.64473,E,1,10,1.01,-2.5,M,42.5,M,,*77
$GPRMC,105519.60,A,5700.92076,N,00958.64475,E,0.186,98.13,071115,,,A*56
$GPGGA,105519.60,5700.92076,N,00958.64475,E,1,10,1.01,-2.5,M,42.5,M,,*73
$GPRMC,105519.80,A,5700.92076,N,00958.64477,E,0.113,97.20,071115,,,A*59
$GPGGA,105519.80,5700.92076,N,00958.64477,E,1,10,1.01,-2.5,M,42.5,M,,*7F
$GPRMC,105520.00,A,5700.92076,N,00958.64479,E,0.134,97.49,071115,,,A*5F
$GPGGA,105520.00,5700.92076,N,00958.64479,E,1,10,1.01,-2.5,M,42.5,M,,*73
$GPRMC,105520.20,A,5700.92076,N,00958.64481,E,0.172,96.47,071115,,,A*57
$GPGGA,105520.20,5700.92076,N,00958.64481,E,1,10,1.01,-2.5,M,42.5,M,,*76
$GPRMC,105520.40,A,5700.92076,N,00958.64483,E,0.193,95.20,071115,,,A*5E
$GPGGA,105520.40,5700.92076,N,00958.64483,E,1,10,1.01,-2.6,M,42.5,M,,*71
$GPRMC,105520.60,A,5700.92077,N,00958.64485,E,0.198,93.38,071115,,,A*5F
$GPGGA,105520.60,5700.92077,N,00958.64485,E,1,10,1.01,-2.6,M,42.5,M,,*74
$GPRMC,105520.80,A,5700.92077,N,00958.64487,E,0.163,92.76,071115,,,A*5C
$GPGGA,105520.80,5700.92077,N,00958.64487,E,1,10,1.01,-2.6,M,42.5,M,,*78
$GPRMC,105521.00,A,5700.92078,N,00958.64490,E,0.115,91.70,071115,,,A*58
$GPGGA,105521.00,5700.92078,N,00958.64490,E,1,10,0.94,-2.6,M,42.5,M,,*75
$GPRMC,105521.20,A,5700.92079,N,00958.64493,E,0.113,91.03,071115,,,A*5A
$GPGGA,105521.20,5700.92079,N,00958.64493,E,1,10,0.94,-2.6,M,42.5,M,,*75
$GPRMC,105521.40,A,5700.92079,N,00958.64496,E,0.196,88.97,071115,,,A*51
$GPGGA,105521.40,5700.92079,N,00958.64496,E,1,10,0.94,-2.7,M,42.5,M,,*77
$GPRMC,105521.60,A,5700.92080,N,00958.64499,E,0.218,86.70,071115,,,A*58
$GPGGA,105521.60,5700.92080,N,00958.64499,E,1,10,0.94,-2.7,M,42.5,M,,*7C
$GPRMC,105521.80,A,5700.92080,N,00958.64502,E,0.210,84.58,071115,,,A*55
$GPGGA,105521.80,5700.92080,N,00958.64502,E,1,10,0.94,-2.7,M,42.5,M,,*71
$GPRMC,105522.00,A,5700.92081,N,00958.64505,E,0.085,84.50,071115,,,A*5E
$GPGGA,105522.00,5700.92081,N,00958.64505,E,1,10,0.94,-2.8,M,42.5,M,,*73
$GPRMC,105522.20,A,5700.92082,N,00958.64507,E,0.159,83.98,071115,,,A*5E
$GPGGA,105522.20,5700.92082,N,00958.64507,E,1,10,0.94,-2.8,M,42.5,M,,*70
$GPRMC,105522.40,A,5700.92083,N,00958.64509,E,0.120,83.37,071115,,,A*5C
$GPGGA,105522.40,5700.92083,N,00958.64509,E,1,10,0.94,-2.8,M,42.5,M,,*79
$GPRMC,105522.60,A,5700.92083,N,00958.64511,E,0.154,82.87,071115,,,A*5E
$GPGGA,105522.60,5700.92083,N,00958.64511,E,1,10,0.94,-2.8,M,42.5,M,,*72
$GPRMC,105522.80,A,5700.92084,N,00958.64513,E,0.155,82.18,071115,,,A*52
$GPGGA,105522.80,5700.92084,N,00958.64513,E,1,10,0.94,-2.8,M,42.5,M,,*79
$GPRMC,105523.00,A,5700.92085,N,00958.64515,E,0.138,81.47,071115,,,A*5E
$GPGGA,105523.00,5700.92085,N,00958.64515,E,1,10,0.94,-2.9,M,42.5,M,,*76
$GPRMC,105523.20,A,5700.92085,N,00958.64516,E,0.153,80.80,071115,,,A*58
$GPGGA,105523.20,5700.92085,N,00958.64516,E,1,10,0.94,-2.9,M,42.5,M,,*77
$GPRMC,105523.40,A,5700.92085,N,00958.64518,E,0.113,80.80,071115,,,A*54
$GPGGA,105523.40,5700.92085,N,00958.64518,E,1,10,0.94,-2.9,M,42.5,M,,*7F
$GPRMC,105523.60,A,5700.92085,N,00958.64519,E,0.186,79.80,071115,,,A*5D
$GPGGA,105523.60,5700.92085,N,00958.64519,E,1,10,0.94,-3.0,M,42.5,M,,*74
$GPRMC,105523.80,A,5700.92086,N,00958.64520,E,0.112,79.31,071115,,,A*5D
$GPGGA,105523.80,5700.92086,N,00958.64520,E,1,10,0.94,-3.0,M,42.5,M,,*73
$GPRMC,105524.00,A,5700.92086,N,00958.64520,E,0.142,78.74,071115,,,A*57
$GPGGA,105524.00,5700.92086,N,00958.64520,E,1,10,0.94,-3.0,M,42.5,M,,*7C
$GPRMC,105524.20,A,5700.92086,N,00958.64521,E,0.131,78.41,071115,,,A*56
$GPGGA,105524.20,5700.92086,N,00958.64521,E,1,10,0.94,-3.1,M,42.5,M,,*7E
$GPRMC,105524.40,A,5700.92087,N,00958.64522,E,0.132,77.93,071115,,,A*51
$GPGGA,105524.40,5700.92087,N,00958.64522,E,1,10,0.94,-3.1,M,42.5,M,,*7A
$GPRMC,105524.60,A,5700.92087,N,00958.64523,E,0.207,75.93,071115,,,A*55
$GPGGA,105524.60,5700.92087,N,00958.64523,E,1,10,0.94,-3.1,M,42.5,M,,*79
$GPRMC,105524.80,A,5700.92089,N,00958.64525,E,0.397,73.30,071115,,,A*54
$GPGGA,105524.80,5700.92089,N,00958.64525,E,1,10,0.94,-3.1,M,42.5,M,,*7F
$GPRMC,105525.00,A,5700.92093,N,00958.64527,E,0.773,69.93,071115,,,A*58
$GPGGA,105525.00,5700.92093,N,00958.64527,E,1,10,0.94,-3.1,M,42.5,M,,*7F
$GPRMC,105525.20,A,5700.92100,N,00958.64530,E,1.553,66.42,071115,,,A*55
$GPGGA,105525.20,5700.92100,N,00958.64530,E,1,10,0.94,-3.2,M,42.5,M,,*73
$GPRMC,105525.40,A,5700.92111,N,00958.64534,E,2.191,6.77,071115,,,A*6E
$GPGGA,105525.40,5700.92111,N,00958.64534,E,1,10,0.94,-3.2,M,42.5,M,,*71
$GPRMC,105525.60,A,5700.92126,N,00958.64536,E,2.706,3.07,071115,,,A*60
$GPGGA,105525.60,5700.92126,N,00958.64536,E,1,10,0.94,-3.2,M,42.5,M,,*75
$GPRMC,105525.80,A,5700.92144,N,00958.64537,E,3.248,359.13,071115,,,A*6C
$GPGGA,105525.80,5700.92144,N,00958.64537,E,1,10,0.94,-3.2,M,42.5,M,,*7E
$GPRMC,105526.00,A,5700.92163,N,00958.64536,E,3.546,354.77,071115,,,A*65
$GPGGA,105526.00,5700.92163,N,00958.64536,E,1,10,0.94,-3.3,M,42.5,M,,*70
$GPRMC,105526.20,A,5700.92184,N,00958.64532,E,3.768,349.14,071115,,,A*6D
$GPGGA,105526.20,5700.92184,N,00958.64532,E,1,10,0.94,-3.3,M,42.5,M,,*7F
$GPRMC,105526.40,A,5700.92206,N,00958.64523,E,4.013,346.01,071115,,,A*65
$GPGGA,105526.40,5700.92206,N,00958.64523,E,1,10,0.94,-3.3,M,42.5,M,,*70
$GPRMC,105526.60,A,5700.92229,N,00958.64512,E,4.198,342.45,071115,,,A*6E
$GPGGA,105526.60,5700.92229,N,00958.64512,E,1,10,0.94,-3.3,M,42.5,M,,*7D
$GPRMC,105526.80,A,5700.92251,N,00958.64497,E,4.299,337.74,071115,,,A*61
$GPGGA,105526.80,5700.92251,N,00958.64497,E,1,10,0.94,-3.3,M,42.5,M,,*70
$GPRMC,105527.00,A,5700.92274,N,00958.64480,E,4.366,334.50,071115,,,A*6D
$GPGGA,105527.00,5700.92274,N,00958.64480,E,1,10,0.94,-3.4,M,42.5,M,,*7F
$GPRMC,105527.20,A,5700.92296,N,00958.64459,E,4.458,330.56,071115,,,A*6F
$GPGGA,105527.20,5700.92296,N,00958.64459,E,1,10,0.94,-3.4,M,42.5,M,,*75
$GPRMC,105527.40,A,5700.92318,N,00958.64435,E,4.538,326.19,071115,,,A*6F
$GPGGA,105527.40,5700.92318,N,00958.64435,E,1,10,0.94,-3.4,M,42.5,M,,*7E
$GPRMC,105527.60,A,5700.92339,N,00958.64407,E,4.521,321.56,071115,,,A*6B
$GPGGA,105527.60,5700.92339,N,00958.64407,E,1,10,0.94,-3.4,M,42.5,M,,*7E
$GPRMC,105527.80,A,5700.92358,N,00958.64376,E,4.528,316.11,071115,,,A*6D
$GPGGA,105527.80,5700.92358,N,00958.64376,E,1,10,0.94,-3.4,M,42.5,M,,*76
$GPRMC,105528.00,A,5700.92375,N,00958.64341,E,4.592,310.74,071115,,,A*65
$GPGGA,105528.00,5700.92375,N,00958.64341,E,1,10,0.94,-3.4,M,42.5,M,,*7A
$GPRMC,105528.20,A,5700.92391,N,00958.64304,E,4.564,306.96,071115,,,A*6E
$GPGGA,105528.20,5700.92391,N,00958.64304,E,1,10,0.94,-3.4,M,42.5,M,,*73
$GPRMC,105528.40,A,5700.92405,N,00958.64265,E,4.626,302.04,071115,,,A*6E
$GPGGA,105528.40,5700.92405,N,00958.64265,E,1,10,0.94,-3.4,M,42.5,M,,*79
$GPRMC,105528.60,A,5700.92417,N,00958.64223,E,4.608,296.79,071115,,,A*67
$GPGGA,105528.60,5700.92417,N,00958.64223,E,1,10,0.94,-3.4,M,42.5,M,,*7A
$GPRMC,105528.80,A,5700.92426,N,00958.64180,E,4.597,288.86,071115,,,A*6B
$GPGGA,105528.80,5700.92426,N,00958.64180,E,1,10,0.94,-3.4,M,42.5,M,,*7C
$GPRMC,105529.00,A,5700.92433,N,00958.64135,E,4.566,283.19,071115,,,A*6B
$GPGGA,105529.00,5700.92433,N,00958.64135,E,1,10,0.94,-3.3,M,42.5,M,,*78
$GPRMC,105529.20,A,5700.92437,N,00958.64089,E,4.555,277.73,071115,,,A*6C
$GPGGA,105529.20,5700.92437,N,00958.64089,E,1,10,0.94,-3.3,M,42.5,M,,*78
$GPRMC,105529.40,A,5700.92438,N,00958.64043,E,4.518,272.59,071115,,,A*67
$GPGGA,105529.40,5700.92438,N,00958.64043,E,1,10,0.94,-3.3,M,42.5,M,,*77
$GPRMC,105529.60,A,5700.92437,N,00958.63996,E,4.535,266.48,071115,,,A*66
$GPGGA,105529.60,5700.92437,N,00958.63996,E,1,10,0.94,-3.3,M,42.5,M,,*7C
$GPRMC,105529.80,A,5700.92434,N,00958.63950,E,4.507,260.12,071115,,,A*69
$GPGGA,105529.80,5700.92434,N,00958.63950,E,1,10,0.94,-3.3,M,42.5,M,,*7B
$GPRMC,105530.00,A,5700.92428,N,00958.63905,E,4.454,254.51,071115,,,A*63
$GPGGA,105530.00,5700.92428,N,00958.63905,E,1,10,0.94,-3.3,M,42.5,M,,*76
$GPRMC,105530.20,A,5700.92419,N,00958.63861,E,4.484,247.99,071115,,,A*6B
$GPGGA,105530.20,5700.92419,N,00958.63861,E,1,10,0.94,-3.3,M,42.5,M,,*75
$GPRMC,105530.40,A,5700.92408,N,00958.63820,E,4.490,242.00,071115,,,A*68
$GPGGA,105530.40,5700.92408,N,00958.63820,E,1,10,0.94,-3.3,M,42.5,M,,*76
$GPRMC,105530.60,A,5700.92394,N,00958.63780,E,4.432,236.32,071115,,,A*67
$GPGGA,105530.60,5700.92394,N,00958.63780,E,1,10,0.94,-3.3,M,42.5,M,,*73
$GPRMC,105530.80,A,5700.92379,N,00958.63744,E,4.430,230.62,071115,,,A*63
$GPGGA,105530.80,5700.92379,N,00958.63744,E,1,10,0.94,-3.3,M,42.5,M,,*76
$GPRMC,105531.00,A,5700.92362,N,00958.63710,E,4.481,224.66,071115,,,A*6A
$GPGGA,105531.00,5700.92362,N,00958.63710,E,1,10,0.94,-3.3,M,42.5,M,,*74
$GPRMC,105531.20,A,5700.92342,N,00958.63679,E,4.708,219.02,071115,,,A*6A
$GPGGA,105531.20,5700.92342,N,00958.63679,E,1,10,0.94,-3.2,M,42.5,M,,*7B
$GPRMC,105531.40,A,5700.92321,N,00958.63651,E,4.478,212.80,071115,,,A*66
$GPGGA,105531.40,5700.92321,N,00958.63651,E,1,10,0.94,-3.2,M,42.5,M,,*72
$GPRMC,105531.60,A,5700.92298,N,00958.63629,E,4.453,206.43,071115,,,A*6B
$GPGGA,105531.60,5700.92298,N,00958.63629,E,1,10,0.94,-3.2,M,42.5,M,,*7C
$GPRMC,105531.80,A,5700.92275,N,00958.63611,E,4.382,200.00,071115,,,A*67
$GPGGA,105531.80,5700.92275,N,00958.63611,E,1,10,0.94,-3.2,M,42.5,M,,*7A
$GPRMC,105532.00,A,5700.92251,N,00958.63598,E,4.351,193.38,071115,,,A*64
$GPGGA,105532.00,5700.92251,N,00958.63598,E,1,10,0.94,-3.2,M,42.5,M,,*75
$GPRMC,105532.20,A,5700.92227,N,00958.63591,E,4.399,187.16,071115,,,A*63
$GPGGA,105532.20,5700.92227,N,00958.63591,E,1,10,0.94,-3.2,M,42.5,M,,*7F
$GPRMC,105532.40,A,5700.92202,N,00958.63588,E,4.434,181.02,071115,,,A*69
$GPGGA,105532.40,5700.92202,N,00958.63588,E,1,10,0.94,-3.1,M,42.5,M,,*75
$GPRMC,105532.60,A,5700.92177,N,00958.63590,E,4.408,174.33,071115,,,A*64
$GPGGA,105532.60,5700.92177,N,00958.63590,E,1,10,0.94,-3.1,M,42.5,M,,*7F
$GPRMC,105532.80,A,5700.92152,N,00958.63596,E,4.425,169.42,071115,,,A*6E
$GPGGA,105532.80,5700.92152,N,00958.63596,E,1,10,0.94,-3.1,M,42.5,M,,*70
$GPRMC,105533.00,A,5700.92128,N,00958.63607,E,4.444,162.96,071115,,,A*64
$GPGGA,105533.00,5700.92128,N,00958.63607,E,1,10,0.94,-3.1,M,42.5,M,,*7F
$GPRMC,105533.20,A,5700.92104,N,00958.63623,E,4.421,156.56,071115,,,A*66
$GPGGA,105533.20,5700.92104,N,00958.63623,E,1,10,0.94,-3.1,M,42.5,M,,*75
$GPRMC,105533.40,A,5700.92082,N,00958.63644,E,4.365,150.16,071115,,,A*6B
$GPGGA,105533.40,5700.92082,N,00958.63644,E,1,10,0.94,-3.1,M,42.5,M,,*7D
$GPRMC,105533.60,A,5700.92061,N,00958.63669,E,4.396,145.01,071115,,,A*65
$GPGGA,105533.60,5700.92061,N,00958.63669,E,1,10,0.94,-3.0,M,42.5,M,,*7C
$GPRMC,105533.80,A,5700.92041,N,00958.63697,E,4.416,139.14,071115,,,A*68
$GPGGA,105533.80,5700.92041,N,00958.63697,E,1,10,0.94,-3.0,M,42.5,M,,*71
$GPRMC,105534.00,A,5700.92024,N,00958.63730,E,4.379,132.97,071115,,,A*66
$GPGGA,105534.00,5700.92024,N,00958.63730,E,1,10,0.94,-3.0,M,42.5,M,,*71
$GPRMC,105534.20,A,5700.92008,N,00958.63765,E,4.450,125.94,071115,,,A*63
$GPGGA,105534.20,5700.92008,N,00958.63765,E,1,10,0.94,-3.0,M,42.5,M,,*7D
$GPRMC,105534.40,A,5700.91995,N,00958.63804,E,4.374,120.21,071115,,,A*69
$GPGGA,105534.40,5700.91995,N,00958.63804,E,1,10,0.94,-3.0,M,42.5,M,,*7D
$GPRMC,105534.60,A,5700.91984,N,00958.63845,E,4.411,113.54,071115,,,A*68
$GPGGA,105534.60,5700.91984,N,00958.63845,E,1,10,1.01,-3.0,M,42.5,M,,*77
$GPRMC,105534.80,A,5700.91975,N,00958.63889,E,4.425,107.25,071115,,,A*6C
$GPGGA,105534.80,5700.91975,N,00958.63889,E,1,10,1.01,-3.0,M,42.5,M,,*77
$GPRMC,105535.00,A,5700.91969,N,00958.63933,E,4.374,101.62,071115,,,A*6E
$GPGGA,105535.00,5700.91969,N,00958.63933,E,1,10,1.01,-3.0,M,42.5,M,,*73
$GPRMC,105535.20,A,5700.91966,N,00958.63978,E,4.419,95.85,071115,,,A*55
$GPGGA,105535.20,5700.91966,N,00958.63978,E,1,10,1.01,-3.0,M,42.5,M,,*71
$GPRMC,105535.40,A,5700.91965,N,00958.64024,E,4.350,90.14,071115,,,A*50
$GPGGA,105535.40,5700.91965,N,00958.64024,E,1,10,1.01,-3.0,M,42.5,M,,*73
$GPRMC,105535.60,A,5700.91967,N,00958.64069,E,4.405,84.23,071115,,,A*5F
$GPGGA,105535.60,5700.91967,N,00958.64069,E,1,10,1.01,-3.0,M,42.5,M,,*7A
$GPRMC,105535.80,A,5700.91971,N,00958.64113,E,4.366,77.56,071115,,,A*56
$GPGGA,105535.80,5700.91971,N,00958.64113,E,1,10,1.01,-3.0,M,42.5,M,,*7F
$GPRMC,105536.00,A,5700.91977,N,00958.64153,E,3.870,71.83,071115,,,A*5A
$GPGGA,105536.00,5700.91977,N,00958.64153,E,1,10,1.01,-3.0,M,42.5,M,,*76
$GPRMC,105536.20,A,5700.91984,N,00958.64187,E,3.241,69.41,071115,,,A*52
$GPGGA,105536.20,5700.91984,N,00958.64187,E,1,10,1.01,-3.0,M,42.5,M,,*71
$GPRMC,105536.40,A,5700.91991,N,00958.64215,E,2.727,65.38,071115,,,A*5E
$GPGGA,105536.40,5700.91991,N,00958.64215,E,1,10,1.01,-3.0,M,42.5,M,,*7B
$GPRMC,105536.60,A,5700.91997,N,00958.64238,E,2.400,61.06,071115,,,A*5A
$GPGGA,105536.60,5700.91997,N,00958.64238,E,1,10,1.01,-3.0,M,42.5,M,,*70
$GPRMC,105536.80,A,5700.92004,N,00958.64256,E,2.085,57.17,071115,,,A*50
$GPGGA,105536.80,5700.92004,N,00958.64256,E,1,10,1.01,-3.0,M,42.5,M,,*76
$GPRMC,105537.00,A,5700.92010,N,00958.64273,E,1.775,57.23,071115,,,A*57
$GPGGA,105537.00,5700.92010,N,00958.64273,E,1,10,1.01,-3.0,M,42.5,M,,*7D
$GPRMC,105537.20,A,5700.92015,N,00958.64287,E,1.676,57.04,071115,,,A*5C
$GPGGA,105537.20,5700.92015,N,00958.64287,E,1,10,1.01,-3.1,M,42.5,M,,*70
$GPRMC,105537.40,A,5700.92021,N,00958.64300,E,1.748,56.61,071115,,,A*5D
$GPGGA,105537.40,5700.92021,N,00958.64300,E,1,10,1.01,-3.0,M,42.5,M,,*7E
$GPRMC,105537.60,A,5700.92028,N,00958.64314,E,1.697,55.96,071115,,,A*5B
$GPGGA,105537.60,5700.92028,N,00958.64314,E,1,10,1.01,-3.1,M,42.5,M,,*71
$GPRMC,105537.80,A,5700.92035,N,00958.64325,E,1.695,54.97,071115,,,A*59
$GPGGA,105537.80,5700.92035,N,00958.64325,E,1,10,1.01,-3.1,M,42.5,M,,*71
$GPRMC,105538.00,A,5700.92042,N,00958.64336,E,1.593,54.03,071115,,,A*54
$GPGGA,105538.00,5700.92042,N,00958.64336,E,1,10,0.94,-3.1,M,42.5,M,,*79
$GPRMC,105538.20,A,5700.92049,N,00958.64345,E,1.458,52.64,071115,,,A*58
$GPGGA,105538.20,5700.92049,N,00958.64345,E,1,10,0.94,-3.1,M,42.5,M,,*74
$GPRMC,105538.40,A,5700.92056,N,00958.64352,E,1.306,51.03,071115,,,A*58
$GPGGA,105538.40,5700.92056,N,00958.64352,E,1,10,0.94,-3.1,M,42.5,M,,*7A
$GPRMC,105538.60,A,5700.92063,N,00958.64357,E,1.056,49.28,071115,,,A*5F
$GPGGA,105538.60,5700.92063,N,00958.64357,E,1,10,0.94,-3.1,M,42.5,M,,*7B
$GPRMC,105538.80,A,5700.92069,N,00958.64361,E,0.871,47.08,071115,,,A*5E
$GPGGA,105538.80,5700.92069,N,00958.64361,E,1,10,0.94,-3.2,M,42.5,M,,*79
$GPRMC,105539.00,A,5700.92074,N,00958.64362,E,0.846,44.74,071115,,,A*54
$GPGGA,105539.00,5700.92074,N,00958.64362,E,1,10,0.94,-3.2,M,42.5,M,,*7F
$GPRMC,105539.20,A,5700.92079,N,00958.64363,E,0.866,42.62,071115,,,A*59
$GPGGA,105539.20,5700.92079,N,00958.64363,E,1,10,0.94,-3.2,M,42.5,M,,*71
$GPRMC,105539.40,A,5700.92083,N,00958.64365,E,0.883,40.93,071115,,,A*5B
$GPGGA,105539.40,5700.92083,N,00958.64365,E,1,10,0.94,-3.2,M,42.5,M,,*74
$GPRMC,105539.60,A,5700.92087,N,00958.64366,E,0.778,39.36,071115,,,A*54
$GPGGA,105539.60,5700.92087,N,00958.64366,E,1,10,0.94,-3.2,M,42.5,M,,*71
$GPRMC,105539.80,A,5700.92091,N,00958.64367,E,0.617,37.50,071115,,,A*5A
$GPGGA,105539.80,5700.92091,N,00958.64367,E,1,10,0.94,-3.2,M,42.5,M,,*79
$GPRMC,105540.00,A,5700.92094,N,00958.64366,E,0.479,34.53,071115,,,A*52
$GPGGA,105540.00,5700.92094,N,00958.64366,E,1,10,0.94,-3.2,M,42.5,M,,*7B
$GPRMC,105540.20,A,5700.92097,N,00958.64365,E,0.513,31.30,071115,,,A*5D
$GPGGA,105540.20,5700.92097,N,00958.64365,E,1,10,0.94,-3.2,M,42.5,M,,*79
$GPRMC,105540.40,A,5700.92100,N,00958.64366,E,0.485,29.11,071115,,,A*53
$GPGGA,105540.40,5700.92100,N,00958.64366,E,1,10,0.94,-3.1,M,42.5,M,,*70
$GPRMC,105540.60,A,5700.92102,N,00958.64366,E,0.507,27.79,071115,,,A*58
$GPGGA,105540.60,5700.92102,N,00958.64366,E,1,10,0.94,-3.1,M,42.5,M,,*70
$GPRMC,105540.80,A,5700.92104,N,00958.64367,E,0.353,26.05,071115,,,A*5C
$GPGGA,105540.80,5700.92104,N,00958.64367,E,1,10,0.94,-3.1,M,42.5,M,,*79
$GPRMC,105541.00,A,5700.92106,N,00958.64367,E,0.384,23.89,071115,,,A*5C
$GPGGA,105541.00,5700.92106,N,00958.64367,E,1,10,0.94,-3.2,M,42.5,M,,*71
$GPRMC,105541.20,A,5700.92108,N,00958.64368,E,0.494,21.80,071115,,,A*52
$GPGGA,105541.20,5700.92108,N,00958.64368,E,1,10,0.94,-3.1,M,42.5,M,,*71
$GPRMC,105541.40,A,5700.92110,N,00958.64368,E,0.332,19.86,071115,,,A*5B
$GPGGA,105541.40,5700.92110,N,00958.64368,E,1,10,0.94,-3.1,M,42.5,M,,*7E
$GPRMC,105541.60,A,5700.92111,N,00958.64368,E,0.205,17.16,071115,,,A*5A
$GPGGA,105541.60,5700.92111,N,00958.64368,E,1,10,0.94,-3.1,M,42.5,M,,*7D
$GPRMC,105541.80,A,5700.92113,N,00958.64368,E,0.309,15.42,071115,,,A*58
$GPGGA,105541.80,5700.92113,N,00958.64368,E,1,10,0.94,-3.1,M,42.5,M,,*71
$GPRMC,105542.00,A,5700.92115,N,00958.64367,E,0.442,13.79,071115,,,A*5C
$GPGGA,105542.00,5700.92115,N,00958.64367,E,1,10,0.94,-3.1,M,42.5,M,,*73
$GPRMC,105542.20,A,5700.92116,N,00958.64367,E,0.237,12.06,071115,,,A*50
$GPGGA,105542.20,5700.92116,N,00958.64367,E,1,10,0.94,-3.1,M,42.5,M,,*72
$GPRMC,105542.40,A,5700.92117,N,00958.64366,E,0.242,10.83,071115,,,A*5B
$GPGGA,105542.40,5700.92117,N,00958.64366,E,1,10,0.94,-3.1,M,42.5,M,,*74
$GPRMC,105542.60,A,5700.92118,N,00958.64366,E,0.306,9.07,071115,,,A*63
$GPGGA,105542.60,5700.92118,N,00958.64366,E,1,10,0.94,-3.1,M,42.5,M,,*79
$GPRMC,105542.80,A,5700.92120,N,00958.64366,E,0.233,7.94,071115,,,A*65
$GPGGA,105542.80,5700.92120,N,00958.64366,E,1,10,0.94,-3.1,M,42.5,M,,*7C
$GPRMC,105543.00,A,5700.92121,N,00958.64366,E,0.237,6.76,071115,,,A*64
$GPGGA,105543.00,5700.92121,N,00958.64366,E,1,10,0.94,-3.1,M,42.5,M,,*74
$GPRMC,105543.20,A,5700.92122,N,00958.64366,E,0.294,5.87,071115,,,A*61
$GPGGA,105543.20,5700.92122,N,00958.64366,E,1,10,0.94,-3.1,M,42.5,M,,*75
$GPRMC,105543.40,A,5700.92123,N,00958.64366,E,0.182,5.16,071115,,,A*6A
$GPGGA,105543.40,5700.92123,N,00958.64366,E,1,10,0.94,-3.1,M,42.5,M,,*72
$GPRMC,105543.60,A,5700.92124,N,00958.64366,E,0.187,4.83,071115,,,A*67
$GPGGA,105543.60,5700.92124,N,00958.64366,E,1,10,0.94,-3.0,M,42.5,M,,*76
$GPRMC,105543.80,A,5700.92125,N,00958.64366,E,0.288,4.39,071115,,,A*65
$GPGGA,105543.80,5700.92125,N,00958.64366,E,1,10,0.94,-3.1,M,42.5,M,,*78
$GPRMC,105544.00,A,5700.92126,N,00958.64366,E,0.202,3.54,071115,,,A*67
$GPGGA,105544.00,5700.92126,N,00958.64366,E,1,10,0.94,-3.1,M,42.5,M,,*74
$GPRMC,105544.20,A,5700.92127,N,00958.64367,E,0.158,2.87,071115,,,A*66
$GPGGA,105544.20,5700.92127,N,00958.64367,E,1,10,0.94,-3.0,M,42.5,M,,*77
$GPRMC,105544.40,A,5700.92127,N,00958.64368,E,0.134,1.98,071115,,,A*68
$GPGGA,105544.40,5700.92127,N,00958.64368,E,1,10,0.94,-3.0,M,42.5,M,,*7E
$GPRMC,105544.60,A,5700.92128,N,00958.64368,E,0.241,1.35,071115,,,A*63
$GPGGA,105544.60,5700.92128,N,00958.64368,E,1,10,0.94,-3.0,M,42.5,M,,*73
$GPRMC,105544.80,A,5700.92128,N,00958.64368,E,0.173,1.25,071115,,,A*6E
$GPGGA,105544.80,5700.92128,N,00958.64368,E,1,10,0.94,-3.0,M,42.5,M,,*7D
$GPRMC,105545.00,A,5700.92128,N,00958.64368,E,0.106,0.09,071115,,,A*6A
$GPGGA,105545.00,5700.92128,N,00958.64368,E,1,10,0.94,-3.0,M,42.5,M,,*74
$GPRMC,105545.20,A,5700.92129,N,00958.64368,E,0.150,359.52,071115,,,A*6B
$GPGGA,105545.20,5700.92129,N,00958.64368,E,1,10,0.94,-3.0,M,42.5,M,,*77
$GPRMC,105545.40,A,5700.92129,N,00958.64367,E,0.214,359.15,071115,,,A*62
$GPGGA,105545.40,5700.92129,N,00958.64367,E,1,10,0.94,-3.0,M,42.5,M,,*7E
$GPRMC,105545.60,A,5700.92130,N,00958.64365,E,0.243,357.01,071115,,,A*63
$GPGGA,105545.60,5700.92130,N,00958.64365,E,1,10,0.94,-3.0,M,42.5,M,,*76
$GPRMC,105545.80,A,5700.92131,N,00958.64360,E,0.520,352.98,071115,,,A*6E
$GPGGA,105545.80,5700.92131,N,00958.64360,E,1,10,0.94,-3.0,M,42.5,M,,*7C
$GPRMC,105546.00,A,5700.92131,N,00958.64350,E,1.171,348.77,071115,,,A*6D
$GPGGA,105546.00,5700.92131,N,00958.64350,E,1,10,0.94,-3.0,M,42.5,M,,*74
$GPRMC,105546.20,A,5700.92132,N,00958.64333,E,1.904,344.24,071115,,,A*69
$GPGGA,105546.20,5700.92132,N,00958.64333,E,1,10,0.94,-3.0,M,42.5,M,,*70
$GPRMC,105546.40,A,5700.92133,N,00958.64309,E,2.504,270.53,071115,,,A*6E
$GPGGA,105546.40,5700.92133,N,00958.64309,E,1,10,0.94,-2.9,M,42.5,M,,*76
$GPRMC,105546.60,A,5700.92132,N,00958.64279,E,3.017,267.24,071115,,,A*6B
$GPGGA,105546.60,5700.92132,N,00958.64279,E,1,10,0.94,-2.9,M,42.5,M,,*73
$GPRMC,105546.80,A,5700.92131,N,00958.64246,E,3.360,263.50,071115,,,A*6E
$GPGGA,105546.80,5700.92131,N,00958.64246,E,1,10,0.94,-2.9,M,42.5,M,,*72
$GPRMC,105547.00,A,5700.92127,N,00958.64209,E,3.634,258.13,071115,,,A*60
$GPGGA,105547.00,5700.92127,N,00958.64209,E,1,10,0.94,-2.9,M,42.5,M,,*77
$GPRMC,105547.20,A,5700.92121,N,00958.64170,E,3.890,253.95,071115,,,A*6C
$GPGGA,105547.20,5700.92121,N,00958.64170,E,1,10,0.94,-2.9,M,42.5,M,,*7E
$GPRMC,105547.40,A,5700.92114,N,00958.64131,E,4.017,249.81,071115,,,A*67
$GPGGA,105547.40,5700.92114,N,00958.64131,E,1,10,0.94,-2.9,M,42.5,M,,*7B
$GPRMC,105547.60,A,5700.92104,N,00958.64091,E,4.175,245.61,071115,,,A*68
$GPGGA,105547.60,5700.92104,N,00958.64091,E,1,10,0.94,-2.9,M,42.5,M,,*73
$GPRMC,105547.80,A,5700.92092,N,00958.64051,E,4.259,240.70,071115,,,A*6C
$GPGGA,105547.80,5700.92092,N,00958.64051,E,1,10,0.94,-2.9,M,42.5,M,,*7F
$GPRMC,105548.00,A,5700.92078,N,00958.64012,E,4.413,235.82,071115,,,A*6F
$GPGGA,105548.00,5700.92078,N,00958.64012,E,1,10,0.94,-2.9,M,42.5,M,,*7B
$GPRMC,105548.20,A,5700.92063,N,00958.63975,E,4.373,231.93,071115,,,A*6D
$GPGGA,105548.20,5700.92063,N,00958.63975,E,1,10,0.94,-2.9,M,42.5,M,,*7C
$GPRMC,105548.40,A,5700.92046,N,00958.63941,E,4.432,225.38,071115,,,A*6D
$GPGGA,105548.40,5700.92046,N,00958.63941,E,1,10,0.94,-2.9,M,42.5,M,,*7A
$GPRMC,105548.60,A,5700.92027,N,00958.63911,E,4.456,220.04,071115,,,A*65
$GPGGA,105548.60,5700.92027,N,00958.63911,E,1,10,0.94,-2.9,M,42.5,M,,*7A
$GPRMC,105548.80,A,5700.92007,N,00958.63883,E,4.405,214.24,071115,,,A*60
$GPGGA,105548.80,5700.92007,N,00958.63883,E,1,10,0.94,-2.9,M,42.5,M,,*7C
$GPRMC,105549.00,A,5700.91985,N,00958.63860,E,4.426,208.00,071115,,,A*6E
$GPGGA,105549.00,5700.91985,N,00958.63860,E,1,10,0.94,-2.9,M,42.5,M,,*78
$GPRMC,105549.20,A,5700.91961,N,00958.63841,E,4.512,203.20,071115,,,A*6A
$GPGGA,105549.20,5700.91961,N,00958.63841,E,1,10,0.94,-2.8,M,42.5,M,,*72
$GPRMC,105549.40,A,5700.91937,N,00958.63826,E,4.410,196.83,071115,,,A*6B
$GPGGA,105549.40,5700.91937,N,00958.63826,E,1,10,0.94,-2.8,M,42.5,M,,*76
$GPRMC,105549.60,A,5700.91913,N,00958.63816,E,4.413,189.91,071115,,,A*62
$GPGGA,105549.60,5700.91913,N,00958.63816,E,1,10,0.94,-2.8,M,42.5,M,,*71
$GPRMC,105549.80,A,5700.91888,N,00958.63811,E,4.443,184.43,071115,,,A*6F
$GPGGA,105549.80,5700.91888,N,00958.63811,E,1,10,0.94,-2.8,M,42.5,M,,*7B
$GPRMC,105550.00,A,5700.91863,N,00958.63810,E,4.447,178.51,071115,,,A*6F
$GPGGA,105550.00,5700.91863,N,00958.63810,E,1,10,0.94,-2.8,M,42.5,M,,*7F
$GPRMC,105550.20,A,5700.91838,N,00958.63814,E,4.463,171.64,071115,,,A*6E
$GPGGA,105550.20,5700.91838,N,00958.63814,E,1,10,0.94,-2.7,M,42.5,M,,*78
$GPRMC,105550.40,A,5700.91814,N,00958.63824,E,4.408,165.35,071115,,,A*69
$GPGGA,105550.40,5700.91814,N,00958.63824,E,1,10,0.94,-2.7,M,42.5,M,,*73
$GPRMC,105550.60,A,5700.91791,N,00958.63839,E,4.392,159.16,071115,,,A*6F
$GPGGA,105550.60,5700.91791,N,00958.63839,E,1,10,0.94,-2.7,M,42.5,M,,*7F
$GPRMC,105550.80,A,5700.91768,N,00958.63858,E,4.428,154.11,071115,,,A*6C
$GPGGA,105550.80,5700.91768,N,00958.63858,E,1,10,0.94,-2.7,M,42.5,M,,*70
$GPRMC,105551.00,A,5700.91747,N,00958.63882,E,4.442,147.05,071115,,,A*64
$GPGGA,105551.00,5700.91747,N,00958.63882,E,1,10,0.94,-2.7,M,42.5,M,,*73
$GPRMC,105551.20,A,5700.91727,N,00958.63909,E,4.406,141.64,071115,,,A*63
$GPGGA,105551.20,5700.91727,N,00958.63909,E,1,10,0.94,-2.6,M,42.5,M,,*74
$GPRMC,105551.40,A,5700.91709,N,00958.63939,E,4.426,135.22,071115,,,A*69
$GPGGA,105551.40,5700.91709,N,00958.63939,E,1,10,0.94,-2.6,M,42.5,M,,*7D
$GPRMC,105551.60,A,5700.91694,N,00958.63974,E,4.371,129.46,071115,,,A*6D
$GPGGA,105551.60,5700.91694,N,00958.63974,E,1,10,0.94,-2.6,M,42.5,M,,*73
$GPRMC,105551.80,A,5700.91680,N,00958.64010,E,4.367,124.39,071115,,,A*68
$GPGGA,105551.80,5700.91680,N,00958.64010,E,1,10,0.94,-2.6,M,42.5,M,,*74
$GPRMC,105552.00,A,5700.91667,N,00958.64049,E,4.443,118.32,071115,,,A*63
$GPGGA,105552.00,5700.91667,N,00958.64049,E,1,10,1.01,-2.6,M,42.5,M,,*77
$GPRMC,105552.20,A,5700.91657,N,00958.64090,E,4.454,113.11,071115,,,A*6A
$GPGGA,105552.20,5700.91657,N,00958.64090,E,1,10,1.01,-2.6,M,42.5,M,,*72
$GPRMC,105552.40,A,5700.91648,N,00958.64133,E,4.509,109.84,071115,,,A*64
$GPGGA,105552.40,5700.91648,N,00958.64133,E,1,10,1.01,-2.6,M,42.5,M,,*72
$GPRMC,105552.60,A,5700.91641,N,00958.64178,E,4.521,103.61,071115,,,A*6B
$GPGGA,105552.60,5700.91641,N,00958.64178,E,1,10,1.01,-2.6,M,42.5,M,,*76
$GPRMC,105552.80,A,5700.91637,N,00958.64224,E,4.542,99.29,071115,,,A*55
$GPGGA,105552.80,5700.91637,N,00958.64224,E,1,10,1.01,-2.6,M,42.5,M,,*73
$GPRMC,105553.00,A,5700.91635,N,00958.64270,E,4.515,93.26,071115,,,A*58
$GPGGA,105553.00,5700.91635,N,00958.64270,E,1,10,1.01,-2.6,M,42.5,M,,*79
$GPRMC,105553.20,A,5700.91636,N,00958.64317,E,4.544,86.52,071115,,,A*5A
$GPGGA,105553.20,5700.91636,N,00958.64317,E,1,10,1.01,-2.6,M,42.5,M,,*78
$GPRMC,105553.40,A,5700.91640,N,00958.64363,E,4.456,80.18,071115,,,A*54
$GPGGA,105553.40,5700.91640,N,00958.64363,E,1,10,1.01,-2.6,M,42.5,M,,*7C
$GPRMC,105553.60,A,5700.91646,N,00958.64408,E,4.470,74.02,071115,,,A*5E
$GPGGA,105553.60,5700.91646,N,00958.64408,E,1,10,1.01,-2.6,M,42.5,M,,*72
$GPRMC,105553.80,A,5700.91655,N,00958.64451,E,4.435,67.24,071115,,,A*59
$GPGGA,105553.80,5700.91655,N,00958.64451,E,1,10,1.01,-2.5,M,42.5,M,,*71
$GPRMC,105554.00,A,5700.91666,N,00958.64491,E,4.444,62.19,071115,,,A*57
$GPGGA,105554.00,5700.91666,N,00958.64491,E,1,10,1.01,-2.5,M,42.5,M,,*72
$GPRMC,105554.20,A,5700.91679,N,00958.64530,E,4.406,56.49,071115,,,A*55
$GPGGA,105554.20,5700.91679,N,00958.64530,E,1,10,1.01,-2.6,M,42.5,M,,*77
$GPRMC,105554.40,A,5700.91694,N,00958.64567,E,4.449,51.93,071115,,,A*59
$GPGGA,105554.40,5700.91694,N,00958.64567,E,1,10,1.01,-2.6,M,42.5,M,,*70
$GPRMC,105554.60,A,5700.91711,N,00958.64601,E,4.494,46.04,071115,,,A*5C
$GPGGA,105554.60,5700.91711,N,00958.64601,E,1,10,1.01,-2.6,M,42.5,M,,*7D
$GPRMC,105554.80,A,5700.91730,N,00958.64632,E,4.532,38.98,071115,,,A*50
$GPGGA,105554.80,5700.91730,N,00958.64632,E,1,10,1.01,-2.6,M,42.5,M,,*70
$GPRMC,105555.00,A,5700.91751,N,00958.64659,E,4.510,34.90,071115,,,A*57
$GPGGA,105555.00,5700.91751,N,00958.64659,E,1,10,1.01,-2.6,M,42.5,M,,*73
$GPRMC,105555.20,A,5700.91773,N,00958.64683,E,4.502,29.13,071115,,,A*56
$GPGGA,105555.20,5700.91773,N,00958.64683,E,1,10,1.01,-2.6,M,42.5,M,,*76
$GPRMC,105555.40,A,5700.91796,N,00958.64702,E,4.589,21.84,071115,,,A*56
$GPGGA,105555.40,5700.91796,N,00958.64702,E,1,10,1.01,-2.6,M,42.5,M,,*73
$GPRMC,105555.60,A,5700.91820,N,00958.64716,E,4.475,16.96,071115,,,A*56
$GPGGA,105555.60,5700.91820,N,00958.64716,E,1,10,1.01,-2.6,M,42.5,M,,*76
$GPRMC,105555.80,A,5700.91845,N,00958.64726,E,4.519,11.91,071115,,,A*53
$GPGGA,105555.80,5700.91845,N,00958.64726,E,1,10,1.01,-2.6,M,42.5,M,,*78
$GPRMC,105556.00,A,5700.91870,N,00958.64732,E,4.388,4.85,071115,,,A*64
$GPGGA,105556.00,5700.91870,N,00958.64732,E,1,10,1.01,-2.6,M,42.5,M,,*70
$GPRMC,105556.20,A,5700.91896,N,00958.64733,E,4.490,0.02,071115,,,A*6A
$GPGGA,105556.20,5700.91896,N,00958.64733,E,1,10,1.01,-2.6,M,42.5,M,,*7B
$GPRMC,105556.40,A,5700.91921,N,00958.64730,E,4.569,355.12,071115,,,A*67
$GPGGA,105556.40,5700.91921,N,00958.64730,E,1,10,1.01,-2.7,M,42.5,M,,*72
$GPRMC,105556.60,A,5700.91947,N,00958.64723,E,4.516,349.43,071115,,,A*66
$GPGGA,105556.60,5700.91947,N,00958.64723,E,1,10,1.01,-2.7,M,42.5,M,,*72
$GPRMC,105556.80,A,5700.91972,N,00958.64711,E,4.455,341.99,071115,,,A*66
$GPGGA,105556.80,5700.91972,N,00958.64711,E,1,10,1.01,-2.7,M,42.5,M,,*7B
$GPRMC,105557.00,A,5700.91995,N,00958.64694,E,4.477,337.32,071115,,,A*6A
$GPGGA,105557.00,5700.91995,N,00958.64694,E,1,10,1.01,-2.7,M,42.5,M,,*77
$GPRMC,105557.20,A,5700.92018,N,00958.64674,E,4.435,332.19,071115,,,A*63
$GPGGA,105557.20,5700.92018,N,00958.64674,E,1,10,1.01,-2.7,M,42.5,M,,*74
$GPRMC,105557.40,A,5700.92040,N,00958.64649,E,4.437,324.86,071115,,,A*65
$GPGGA,105557.40,5700.92040,N,00958.64649,E,1,10,1.01,-2.7,M,42.5,M,,*71
$GPRMC,105557.60,A,5700.92060,N,00958.64620,E,4.372,317.96,071115,,,A*6D
$GPGGA,105557.60,5700.92060,N,00958.64620,E,1,10,1.01,-2.7,M,42.5,M,,*7E
$GPRMC,105557.80,A,5700.92078,N,00958.64588,E,4.481,314.49,071115,,,A*61
$GPGGA,105557.80,5700.92078,N,00958.64588,E,1,10,1.01,-2.7,M,42.5,M,,*78
$GPRMC,105558.00,A,5700.92095,N,00958.64553,E,4.427,308.10,071115,,,A*6E
$GPGGA,105558.00,5700.92095,N,00958.64553,E,1,10,0.94,-2.8,M,42.5,M,,*78
$GPRMC,105558.20,A,5700.92110,N,00958.64515,E,4.426,303.41,071115,,,A*6C
$GPGGA,105558.20,5700.92110,N,00958.64515,E,1,10,0.94,-2.8,M,42.5,M,,*74
$GPRMC,105558.40,A,5700.92123,N,00958.64476,E,4.471,298.29,071115,,,A*61
$GPGGA,105558.40,5700.92123,N,00958.64476,E,1,10,0.94,-2.8,M,42.5,M,,*76
$GPRMC,105558.60,A,5700.92135,N,00958.64434,E,4.522,294.59,071115,,,A*6E
$GPGGA,105558.60,5700.92135,N,00958.64434,E,1,10,0.94,-2.9,M,42.5,M,,*74
$GPRMC,105558.80,A,5700.92144,N,00958.64390,E,4.465,288.74,071115,,,A*6F
$GPGGA,105558.80,5700.92144,N,00958.64390,E,1,10,0.94,-2.9,M,42.5,M,,*75
$GPRMC,105559.00,A,5700.92151,N,00958.64344,E,4.473,283.52,071115,,,A*63
$GPGGA,105559.00,5700.92151,N,00958.64344,E,1,10,0.94,-2.9,M,42.5,M,,*71
$GPRMC,105559.20,A,5700.92156,N,00958.64298,E,4.484,278.34,071115,,,A*6A
$GPGGA,105559.20,5700.92156,N,00958.64298,E,1,10,0.94,-2.9,M,42.5,M,,*74
$GPRMC,105559.40,A,5700.92158,N,00958.64252,E,4.465,271.17,071115,,,A*63
$GPGGA,105559.40,5700.92158,N,00958.64252,E,1,10,0.94,-2.9,M,42.5,M,,*7A
$GPRMC,105559.60,A,5700.92157,N,00958.64206,E,4.423,265.87,071115,,,A*61
$GPGGA,105559.60,5700.92157,N,00958.64206,E,1,10,0.94,-2.9,M,42.5,M,,*76
$GPRMC,105559.80,A,5700.92155,N,00958.64161,E,4.428,259.92,071115,,,A*6F
$GPGGA,105559.80,5700.92155,N,00958.64161,E,1,10,0.94,-2.9,M,42.5,M,,*78
$GPRMC,105600.00,A,5700.92149,N,00958.64117,E,4.403,254.01,071115,,,A*6A
$GPGGA,105600.00,5700.92149,N,00958.64117,E,1,10,0.94,-2.9,M,42.5,M,,*73
$GPRMC,105600.20,A,5700.92141,N,00958.64075,E,4.364,247.93,071115,,,A*6A
$GPGGA,105600.20,5700.92141,N,00958.64075,E,1,10,0.94,-2.9,M,42.5,M,,*7C
$GPRMC,105600.40,A,5700.92130,N,00958.64036,E,4.399,241.73,071115,,,A*67
$GPGGA,105600.40,5700.92130,N,00958.64036,E,1,10,0.94,-2.9,M,42.5,M,,*7B
$GPRMC,105600.60,A,5700.92117,N,00958.63998,E,4.373,235.66,071115,,,A*69
$GPGGA,105600.60,5700.92117,N,00958.63998,E,1,10,0.94,-2.9,M,42.5,M,,*76
$GPRMC,105600.80,A,5700.92102,N,00958.63963,E,4.272,229.98,071115,,,A*6B
$GPGGA,105600.80,5700.92102,N,00958.63963,E,1,10,0.94,-2.9,M,42.5,M,,*78
$GPRMC,105601.00,A,5700.92085,N,00958.63932,E,4.321,224.52,071115,,,A*64
$GPGGA,105601.00,5700.92085,N,00958.63932,E,1,09,1.13,-2.9,M,42.5,M,,*7D
$GPRMC,105601.20,A,5700.92067,N,00958.63904,E,4.327,217.93,071115,,,A*64
$GPGGA,105601.20,5700.92067,N,00958.63904,E,1,09,1.13,-2.9,M,42.5,M,,*76
$GPRMC,105601.40,A,5700.92047,N,00958.63880,E,4.313,212.74,071115,,,A*66
$GPGGA,105601.40,5700.92047,N,00958.63880,E,1,09,1.13,-2.9,M,42.5,M,,*7F
$GPRMC,105601.60,A,5700.92026,N,00958.63859,E,4.271,206.75,071115,,,A*66
$GPGGA,105601.60,5700.92026,N,00958.63859,E,1,09,1.13,-2.9,M,42.5,M,,*7E
$GPRMC,105601.80,A,5700.92004,N,00958.63844,E,4.251,200.55,071115,,,A*62
$GPGGA,105601.80,5700.92004,N,00958.63844,E,1,09,1.13,-2.9,M,42.5,M,,*7C
$GPRMC,105602.00,A,5700.91981,N,00958.63832,E,4.326,194.44,071115,,,A*60
$GPGGA,105602.00,5700.91981,N,00958.63832,E,1,09,1.13,-2.9,M,42.5,M,,*71
$GPRMC,105602.20,A,5700.91957,N,00958.63824,E,4.322,189.10,071115,,,A*67
$GPGGA,105602.20,5700.91957,N,00958.63824,E,1,09,1.13,-2.9,M,42.5,M,,*7F
$GPRMC,105602.40,A,5700.91933,N,00958.63822,E,4.325,183.91,071115,,,A*61
$GPGGA,105602.40,5700.91933,N,00958.63822,E,1,09,1.13,-3.0,M,42.5,M,,*75
$GPRMC,105602.60,A,5700.91910,N,00958.63824,E,4.311,176.59,071115,,,A*6D
$GPGGA,105602.60,5700.91910,N,00958.63824,E,1,09,1.13,-3.0,M,42.5,M,,*70
$GPRMC,105602.80,A,5700.91888,N,00958.63830,E,3.763,171.91,071115,,,A*63
$GPGGA,105602.80,5700.91888,N,00958.63830,E,1,09,1.13,-3.0,M,42.5,M,,*7B
$GPRMC,105603.00,A,5700.91869,N,00958.63838,E,3.153,171.09,071115,,,A*69
$GPGGA,105603.00,5700.91869,N,00958.63838,E,1,09,1.13,-3.0,M,42.5,M,,*75
$GPRMC,105603.20,A,5700.91854,N,00958.63846,E,2.643,165.57,071115,,,A*65
$GPGGA,105603.20,5700.91854,N,00958.63846,E,1,09,1.13,-3.1,M,42.5,M,,*71
$GPRMC,105603.40,A,5700.91841,N,00958.63855,E,2.228,159.53,071115,,,A*67
$GPGGA,105603.40,5700.91841,N,00958.63855,E,1,09,1.13,-3.1,M,42.5,M,,*71
$GPRMC,105603.60,A,5700.91831,N,00958.63864,E,1.893,159.40,071115,,,A*6B
$GPGGA,105603.60,5700.91831,N,00958.63864,E,1,09,1.13,-3.1,M,42.5,M,,*76
$GPRMC,105603.80,A,5700.91822,N,00958.63872,E,1.758,159.22,071115,,,A*6C
$GPGGA,105603.80,5700.91822,N,00958.63872,E,1,09,1.13,-3.1,M,42.5,M,,*7D
$GPRMC,105604.00,A,5700.91814,N,00958.63881,E,1.669,158.86,071115,,,A*66
$GPGGA,105604.00,5700.91814,N,00958.63881,E,1,09,1.13,-3.1,M,42.5,M,,*7B
$GPRMC,105604.20,A,5700.91806,N,00958.63891,E,1.630,158.20,071115,,,A*66
$GPGGA,105604.20,5700.91806,N,00958.63891,E,1,09,1.13,-3.1,M,42.5,M,,*7B
$GPRMC,105604.40,A,5700.91799,N,00958.63902,E,1.682,157.40,071115,,,A*62
$GPGGA,105604.40,5700.91799,N,00958.63902,E,1,09,1.13,-3.1,M,42.5,M,,*7F
$GPRMC,105604.60,A,5700.91792,N,00958.63912,E,1.584,156.33,071115,,,A*6A
$GPGGA,105604.60,5700.91792,N,00958.63912,E,1,09,1.13,-3.2,M,42.5,M,,*74
$GPRMC,105604.80,A,5700.91786,N,00958.63923,E,1.448,154.79,071115,,,A*6E
$GPGGA,105604.80,5700.91786,N,00958.63923,E,1,09,1.13,-3.2,M,42.5,M,,*7D
$GPRMC,105605.00,A,5700.91781,N,00958.63934,E,1.288,153.07,071115,,,A*62
$GPGGA,105605.00,5700.91781,N,00958.63934,E,1,09,1.13,-3.2,M,42.5,M,,*75
$GPRMC,105605.20,A,5700.91776,N,00958.63944,E,1.130,151.16,071115,,,A*6D
$GPGGA,105605.20,5700.91776,N,00958.63944,E,1,09,1.13,-3.2,M,42.5,M,,*78
$GPRMC,105605.40,A,5700.91772,N,00958.63954,E,0.930,148.83,071115,,,A*63
$GPGGA,105605.40,5700.91772,N,00958.63954,E,1,10,1.01,-3.2,M,42.5,M,,*70
$GPRMC,105605.60,A,5700.91769,N,00958.63963,E,0.832,146.51,071115,,,A*6D
$GPGGA,105605.60,5700.91769,N,00958.63963,E,1,10,1.01,-3.3,M,42.5,M,,*7D
$GPRMC,105605.80,A,5700.91766,N,00958.63972,E,0.826,144.47,071115,,,A*6C
$GPGGA,105605.80,5700.91766,N,00958.63972,E,1,10,1.01,-3.3,M,42.5,M,,*7C
$GPRMC,105606.00,A,5700.91763,N,00958.63981,E,0.840,142.53,071115,,,A*6D
$GPGGA,105606.00,5700.91763,N,00958.63981,E,1,10,1.01,-3.3,M,42.5,M,,*7E
$GPRMC,105606.20,A,5700.91760,N,00958.63989,E,0.747,140.46,071115,,,A*6A
$GPGGA,105606.20,5700.91760,N,00958.63989,E,1,10,1.01,-3.3,M,42.5,M,,*77
$GPRMC,105606.40,A,5700.91759,N,00958.63996,E,0.657,137.64,071115,,,A*68
$GPGGA,105606.40,5700.91759,N,00958.63996,E,1,10,1.01,-3.4,M,42.5,M,,*72
$GPRMC,105606.60,A,5700.91758,N,00958.64002,E,0.595,134.88,071115,,,A*64
$GPGGA,105606.60,5700.91758,N,00958.64002,E,1,10,1.01,-3.4,M,42.5,M,,*72
$GPRMC,105606.80,A,5700.91756,N,00958.64008,E,0.472,131.65,071115,,,A*60
$GPGGA,105606.80,5700.91756,N,00958.64008,E,1,10,1.01,-3.4,M,42.5,M,,*78
$GPRMC,105607.00,A,5700.91755,N,00958.64014,E,0.528,129.18,071115,,,A*6A
$GPGGA,105607.00,5700.91755,N,00958.64014,E,1,10,1.01,-3.4,M,42.5,M,,*7F
$GPRMC,105607.20,A,5700.91753,N,00958.64020,E,0.516,127.68,071115,,,A*6D
$GPGGA,105607.20,5700.91753,N,00958.64020,E,1,10,1.01,-3.4,M,42.5,M,,*7C
$GPRMC,105607.40,A,5700.91751,N,00958.64024,E,0.344,125.09,071115,,,A*69
$GPGGA,105607.40,5700.91751,N,00958.64024,E,1,10,1.01,-3.5,M,42.5,M,,*7D
$GPRMC,105607.60,A,5700.91750,N,00958.64028,E,0.368,121.77,071115,,,A*65
$GPGGA,105607.60,5700.91750,N,00958.64028,E,1,10,1.01,-3.6,M,42.5,M,,*71
$GPRMC,105607.80,A,5700.91750,N,00958.64033,E,0.531,119.41,071115,,,A*65
$GPGGA,105607.80,5700.91750,N,00958.64033,E,1,10,1.01,-3.6,M,42.5,M,,*75
$GPRMC,105608.00,A,5700.91749,N,00958.64037,E,0.327,117.34,071115,,,A*63
$GPGGA,105608.00,5700.91749,N,00958.64037,E,1,10,1.01,-3.6,M,42.5,M,,*7E
$GPRMC,105608.20,A,5700.91749,N,00958.64040,E,0.183,116.00,071115,,,A*6B
$GPGGA,105608.20,5700.91749,N,00958.64040,E,1,10,1.01,-3.6,M,42.5,M,,*7C
$GPRMC,105608.40,A,5700.91748,N,00958.64042,E,0.339,113.54,071115,,,A*69
$GPGGA,105608.40,5700.91748,N,00958.64042,E,1,10,1.01,-3.7,M,42.5,M,,*78
$GPRMC,105608.60,A,5700.91748,N,00958.64046,E,0.466,112.01,071115,,,A*63
$GPGGA,105608.60,5700.91748,N,00958.64046,E,1,10,1.01,-3.7,M,42.5,M,,*7E
$GPRMC,105608.80,A,5700.91747,N,00958.64049,E,0.243,109.81,071115,,,A*6E
$GPGGA,105608.80,5700.91747,N,00958.64049,E,1,10,1.01,-3.7,M,42.5,M,,*70
$GPRMC,105609.00,A,5700.91747,N,00958.64051,E,0.192,108.27,071115,,,A*6C
$GPGGA,105609.00,5700.91747,N,00958.64051,E,1,10,1.01,-3.7,M,42.5,M,,*70
$GPRMC,105609.20,A,5700.91747,N,00958.64053,E,0.362,106.86,071115,,,A*64
$GPGGA,105609.20,5700.91747,N,00958.64053,E,1,10,1.01,-3.7,M,42.5,M,,*70
$GPRMC,105609.40,A,5700.91746,N,00958.64055,E,0.320,104.00,071115,,,A*6F
$GPGGA,105609.40,5700.91746,N,00958.64055,E,1,10,1.01,-3.8,M,42.5,M,,*7E
$GPRMC,105609.60,A,5700.91747,N,00958.64057,E,0.169,103.47,071115,,,A*65
$GPGGA,105609.60,5700.91747,N,00958.64057,E,1,10,0.94,-3.8,M,42.5,M,,*72
$GPRMC,105609.80,A,5700.91746,N,00958.64059,E,0.243,103.31,071115,,,A*6E
$GPGGA,105609.80,5700.91746,N,00958.64059,E,1,10,0.94,-3.8,M,42.5,M,,*73
$GPRMC,105610.00,A,5700.91746,N,00958.64062,E,0.277,100.63,071115,,,A*65
$GPGGA,105610.00,5700.91746,N,00958.64062,E,1,10,0.94,-3.8,M,42.5,M,,*7B
$GPRMC,105610.20,A,5700.91747,N,00958.64064,E,0.192,99.35,071115,,,A*5A
$GPGGA,105610.20,5700.91747,N,00958.64064,E,1,10,0.94,-3.8,M,42.5,M,,*7E
$GPRMC,105610.40,A,5700.91747,N,00958.64066,E,0.181,99.35,071115,,,A*5C
$GPGGA,105610.40,5700.91747,N,00958.64066,E,1,10,0.94,-3.8,M,42.5,M,,*7A
$GPRMC,105610.60,A,5700.91748,N,00958.64068,E,0.244,98.42,071115,,,A*54
$GPGGA,105610.60,5700.91748,N,00958.64068,E,1,10,0.94,-3.8,M,42.5,M,,*79
$GPRMC,105610.80,A,5700.91748,N,00958.64069,E,0.235,95.61,071115,,,A*51
$GPGGA,105610.80,5700.91748,N,00958.64069,E,1,10,0.94,-3.8,M,42.5,M,,*76
$GPRMC,105611.00,A,5700.91749,N,00958.64070,E,0.135,95.13,071115,,,A*57
$GPGGA,105611.00,5700.91749,N,00958.64070,E,1,10,0.94,-3.8,M,42.5,M,,*76
$GPRMC,105611.20,A,5700.91750,N,00958.64071,E,0.170,95.16,071115,,,A*58
$GPGGA,105611.20,5700.91750,N,00958.64071,E,1,10,0.94,-3.8,M,42.5,M,,*7D
$GPRMC,105611.40,A,5700.91750,N,00958.64073,E,0.225,94.16,071115,,,A*5E
$GPGGA,105611.40,5700.91750,N,00958.64073,E,1,10,0.94,-3.8,M,42.5,M,,*79
$GPRMC,105611.60,A,5700.91751,N,00958.64075,E,0.205,92.00,071115,,,A*58
$GPGGA,105611.60,5700.91751,N,00958.64075,E,1,10,0.94,-3.8,M,42.5,M,,*7C
$GPRMC,105611.80,A,5700.91751,N,00958.64077,E,0.103,91.63,071115,,,A*57
$GPGGA,105611.80,5700.91751,N,00958.64077,E,1,10,0.94,-3.8,M,42.5,M,,*70
$GPRMC,105612.00,A,5700.91752,N,00958.64078,E,0.077,91.57,071115,,,A*55
$GPGGA,105612.00,5700.91752,N,00958.64078,E,1,10,0.94,-3.8,M,42.5,M,,*77
$GPRMC,105612.20,A,5700.91752,N,00958.64079,E,0.193,91.19,071115,,,A*57
$GPGGA,105612.20,5700.91752,N,00958.64079,E,1,10,0.94,-3.8,M,42.5,M,,*74
$GPRMC,105612.40,A,5700.91753,N,00958.64081,E,0.136,90.92,071115,,,A*5A
$GPGGA,105612.40,5700.91753,N,00958.64081,E,1,10,0.94,-3.8,M,42.5,M,,*74
$GPRMC,105612.60,A,5700.91754,N,00958.64082,E,0.057,90.16,071115,,,A*56
$GPGGA,105612.60,5700.91754,N,00958.64082,E,1,10,0.94,-3.8,M,42.5,M,,*72
$GPRMC,105612.80,A,5700.91756,N,00958.64083,E,0.121,89.77,071115,,,A*54
$GPGGA,105612.80,5700.91756,N,00958.64083,E,1,10,0.94,-3.8,M,42.5,M,,*7F
$GPRMC,105613.00,A,5700.91757,N,00958.64085,E,0.143,89.67,071115,,,A*5F
$GPGGA,105613.00,5700.91757,N,00958.64085,E,1,10,0.95,-3.8,M,42.5,M,,*70
$GPRMC,105613.20,A,5700.91758,N,00958.64086,E,0.139,88.57,071115,,,A*5E
$GPGGA,105613.20,5700.91758,N,00958.64086,E,1,10,0.94,-3.8,M,42.5,M,,*7F
$GPRMC,105613.40,A,5700.91759,N,00958.64088,E,0.082,87.95,071115,,,A*57
$GPGGA,105613.40,5700.91759,N,00958.64088,E,1,10,0.94,-3.8,M,42.5,M,,*76
$GPRMC,105613.60,A,5700.91759,N,00958.64089,E,0.113,87.47,071115,,,A*52
$GPGGA,105613.60,5700.91759,N,00958.64089,E,1,10,0.95,-3.8,M,42.5,M,,*74
$GPRMC,105613.80,A,5700.91760,N,00958.64091,E,0.084,88.21,071115,,,A*5F
$GPGGA,105613.80,5700.91760,N,00958.64091,E,1,10,0.94,-3.8,M,42.5,M,,*78
$GPRMC,105614.00,A,5700.91761,N,00958.64093,E,0.084,87.29,071115,,,A*54
$GPGGA,105614.00,5700.91761,N,00958.64093,E,1,10,0.95,-3.8,M,42.5,M,,*75
$GPRMC,105614.20,A,5700.91761,N,00958.64094,E,0.102,86.06,071115,,,A*52
$GPGGA,105614.20,5700.91761,N,00958.64094,E,1,10,0.95,-3.8,M,42.5,M,,*70
$GPRMC,105614.40,A,5700.91762,N,00958.64095,E,0.110,85.75,071115,,,A*52
$GPGGA,105614.40,5700.91762,N,00958.64095,E,1,10,0.95,-3.8,M,42.5,M,,*74
$GPRMC,105614.60,A,5700.91762,N,00958.64096,E,0.127,85.11,071115,,,A*55
$GPGGA,105614.60,5700.91762,N,00958.64096,E,1,10,0.95,-3.8,M,42.5,M,,*75
$GPRMC,105614.80,A,5700.91763,N,00958.64097,E,0.062,84.89,071115,,,A*5B
$GPGGA,105614.80,5700.91763,N,00958.64097,E,1,10,0.95,-3.9,M,42.5,M,,*7A
$GPRMC,105615.00,A,5700.91764,N,00958.64097,E,0.032,84.50,071115,,,A*54
$GPGGA,105615.00,5700.91764,N,00958.64097,E,1,10,0.95,-3.9,M,42.5,M,,*74
$GPRMC,105615.20,A,5700.91764,N,00958.64098,E,0.135,84.56,071115,,,A*59
$GPGGA,105615.20,5700.91764,N,00958.64098,E,1,10,0.95,-3.9,M,42.5,M,,*79
$GPRMC,105615.40,A,5700.91764,N,00958.64100,E,0.094,84.15,071115,,,A*52
$GPGGA,105615.40,5700.91764,N,00958.64100,E,1,10,0.95,-3.9,M,42.5,M,,*7F
$GPRMC,105615.60,A,5700.91765,N,00958.64100,E,0.039,82.23,071115,,,A*55
$GPGGA,105615.60,5700.91765,N,00958.64100,E,1,10,0.95,-3.9,M,42.5,M,,*7C
$GPRMC,105615.80,A,5700.91766,N,00958.64101,E,0.091,82.38,071115,,,A*51
$GPGGA,105615.80,5700.91766,N,00958.64101,E,1,10,0.95,-3.9,M,42.5,M,,*70
$GPRMC,105616.00,A,5700.91766,N,00958.64103,E,0.066,82.50,071115,,,A*5E
$GPGGA,105616.00,5700.91766,N,00958.64103,E,1,10,0.95,-3.9,M,42.5,M,,*79
$GPRMC,105616.20,A,5700.91767,N,00958.64104,E,0.116,82.28,071115,,,A*53
$GPGGA,105616.20,5700.91767,N,00958.64104,E,1,10,0.95,-3.9,M,42.5,M,,*7D
$GPRMC,105616.40,A,5700.91767,N,00958.64105,E,0.068,80.98,071115,,,A*55
$GPGGA,105616.40,5700.91767,N,00958.64105,E,1,10,0.95,-3.9,M,42.5,M,,*7A
$GPRMC,105616.60,A,5700.91767,N,00958.64106,E,0.075,80.58,071115,,,A*54
$GPGGA,105616.60,5700.91767,N,00958.64106,E,1,10,0.95,-3.9,M,42.5,M,,*7B
$GPRMC,105616.80,A,5700.91768,N,00958.64106,E,0.118,79.69,071115,,,A*5B
$GPGGA,105616.80,5700.91768,N,00958.64106,E,1,10,0.95,-3.9,M,42.5,M,,*7A
$GPRMC,105617.00,A,5700.91769,N,00958.64107,E,0.098,79.25,071115,,,A*53
$GPGGA,105617.00,5700.91769,N,00958.64107,E,1,10,0.95,-3.8,M,42.5,M,,*72
$GPRMC,105617.20,A,5700.91769,N,00958.64107,E,0.036,78.31,071115,,,A*51
$GPGGA,105617.20,5700.91769,N,00958.64107,E,1,10,0.95,-3.8,M,42.5,M,,*70
$GPRMC,105617.40,A,5700.91769,N,00958.64108,E,0.111,78.35,071115,,,A*58
$GPGGA,105617.40,5700.91769,N,00958.64108,E,1,10,0.95,-3.8,M,42.5,M,,*79
$GPRMC,105617.60,A,5700.91769,N,00958.64109,E,0.095,77.49,071115,,,A*52
$GPGGA,105617.60,5700.91769,N,00958.64109,E,1,10,0.95,-3.7,M,42.5,M,,*75
$GPRMC,105617.80,A,5700.91769,N,00958.64110,E,0.058,77.44,071115,,,A*58
$GPGGA,105617.80,5700.91769,N,00958.64110,E,1,10,0.95,-3.7,M,42.5,M,,*73
$GPRMC,105618.00,A,5700.91769,N,00958.64111,E,0.067,76.70,071115,,,A*54
$GPGGA,105618.00,5700.91769,N,00958.64111,E,1,10,0.95,-3.6,M,42.5,M,,*74
$GPRMC,105618.20,A,5700.91769,N,00958.64112,E,0.065,76.97,071115,,,A*5E
$GPGGA,105618.20,5700.91769,N,00958.64112,E,1,10,0.95,-3.6,M,42.5,M,,*75
$GPRMC,105618.40,A,5700.91769,N,00958.64113,E,0.089,76.29,071115,,,A*5E
$GPGGA,105618.40,5700.91769,N,00958.64113,E,1,10,0.95,-3.5,M,42.5,M,,*71
$GPRMC,105618.60,A,5700.91769,N,00958.64114,E,0.086,76.49,071115,,,A*52
$GPGGA,105618.60,5700.91769,N,00958.64114,E,1,11,0.95,-3.5,M,42.5,M,,*75
$GPRMC,105618.80,A,5700.91769,N,00958.64114,E,0.097,75.80,071115,,,A*5A
$GPGGA,105618.80,5700.91769,N,00958.64114,E,1,10,0.95,-3.5,M,42.5,M,,*7A
$GPRMC,105619.00,A,5700.91769,N,00958.64114,E,0.075,74.78,071115,,,A*59
$GPGGA,105619.00,5700.91769,N,00958.64114,E,1,11,0.95,-3.4,M,42.5,M,,*73
$GPRMC,105619.20,A,5700.91769,N,00958.64113,E,0.157,78.66,071115,,,A*5E
$GPGGA,105619.20,5700.91769,N,00958.64113,E,1,11,0.95,-3.3,M,42.5,M,,*71
$GPRMC,105619.40,A,5700.91768,N,00958.64111,E,0.060,77.29,071115,,,A*5A
$GPGGA,105619.40,5700.91768,N,00958.64111,E,1,11,0.95,-3.3,M,42.5,M,,*74
$GPRMC,105619.60,A,5700.91768,N,00958.64110,E,0.070,78.16,071115,,,A*5B
$GPGGA,105619.60,5700.91768,N,00958.64110,E,1,11,0.95,-3.2,M,42.5,M,,*76
$GPRMC,105619.80,A,5700.91767,N,00958.64109,E,0.062,77.95,071115,,,A*55
$GPGGA,105619.80,5700.91767,N,00958.64109,E,1,11,0.95,-3.2,M,42.5,M,,*7F
$GPRMC,105620.00,A,5700.91767,N,00958.64108,E,0.089,77.73,071115,,,A*5B
$GPGGA,105620.00,5700.91767,N,00958.64108,E,1,11,0.95,-3.1,M,42.5,M,,*7F
$GPRMC,105620.20,A,5700.91766,N,00958.64106,E,0.047,77.04,071115,,,A*54
$GPGGA,105620.20,5700.91766,N,00958.64106,E,1,11,0.95,-3.1,M,42.5,M,,*72
$GPRMC,105620.40,A,5700.91766,N,00958.64105,E,0.056,76.13,071115,,,A*56
$GPGGA,105620.40,5700.91766,N,00958.64105,E,1,11,0.95,-3.1,M,42.5,M,,*77
$GPRMC,105620.60,A,5700.91766,N,00958.64104,E,0.082,75.64,071115,,,A*5F
$GPGGA,105620.60,5700.91766,N,00958.64104,E,1,11,0.95,-3.1,M,42.5,M,,*74
$GPRMC,105620.80,A,5700.91766,N,00958.64104,E,0.102,74.71,071115,,,A*5D
$GPGGA,105620.80,5700.91766,N,00958.64104,E,1,11,0.95,-3.0,M,42.5,M,,*7B
$GPRMC,105621.00,A,5700.91766,N,00958.64103,E,0.074,73.85,071115,,,A*5F
$GPGGA,105621.00,5700.91766,N,00958.64103,E,1,11,0.95,-3.0,M,42.5,M,,*75
$GPRMC,105621.20,A,5700.91766,N,00958.64102,E,0.055,73.29,071115,,,A*59
$GPGGA,105621.20,5700.91766,N,00958.64102,E,1,11,0.95,-3.0,M,42.5,M,,*76
$GPRMC,105621.40,A,5700.91766,N,00958.64102,E,0.081,73.79,071115,,,A*53
$GPGGA,105621.40,5700.91766,N,00958.64102,E,1,11,0.95,-3.0,M,42.5,M,,*70
$GPRMC,105621.60,A,5700.91766,N,00958.64101,E,0.087,72.70,071115,,,A*5C
$GPGGA,105621.60,5700.91766,N,00958.64101,E,1,10,0.95,-3.0,M,42.5,M,,*70
$GPRMC,105621.80,A,5700.91767,N,00958.64101,E,0.075,71.81,071115,,,A*53
$GPGGA,105621.80,5700.91767,N,00958.64101,E,1,10,0.95,-3.0,M,42.5,M,,*7F
$GPRMC,105622.00,A,5700.91767,N,00958.64101,E,0.083,71.23,071115,,,A*59
$GPGGA,105622.00,5700.91767,N,00958.64101,E,1,10,0.95,-2.9,M,42.5,M,,*7C
$GPRMC,105622.20,A,5700.91767,N,00958.64101,E,0.051,70.57,071115,,,A*56
$GPGGA,105622.20,5700.91767,N,00958.64101,E,1,10,0.95,-2.9,M,42.5,M,,*7E
$GPRMC,105622.40,A,5700.91767,N,00958.64100,E,0.079,70.04,071115,,,A*5D
$GPGGA,105622.40,5700.91767,N,00958.64100,E,1,10,0.95,-2.9,M,42.5,M,,*79
$GPRMC,105622.60,A,5700.91768,N,00958.64100,E,0.075,68.92,071115,,,A*5A
$GPGGA,105622.60,5700.91768,N,00958.64100,E,1,10,0.95,-2.9,M,42.5,M,,*74
$GPRMC,105622.80,A,5700.91768,N,00958.64100,E,0.069,68.80,071115,,,A*5A
$GPGGA,105622.80,5700.91768,N,00958.64100,E,1,10,0.95,-2.9,M,42.5,M,,*7A
$GPRMC,105623.00,A,5700.91768,N,00958.64101,E,0.041,69.43,071115,,,A*56
$GPGGA,105623.00,5700.91768,N,00958.64101,E,1,10,0.95,-2.9,M,42.5,M,,*72
$GPRMC,105623.20,A,5700.91769,N,00958.64100,E,0.069,68.10,071115,,,A*59
$GPGGA,105623.20,5700.91769,N,00958.64100,E,1,11,0.95,-2.9,M,42.5,M,,*71
$GPRMC,105623.40,A,5700.91769,N,00958.64100,E,0.136,67.48,071115,,,A*56
$GPGGA,105623.40,5700.91769,N,00958.64100,E,1,11,0.95,-2.8,M,42.5,M,,*76
$GPRMC,105623.60,A,5700.91770,N,00958.64100,E,0.024,68.16,071115,,,A*5A
$GPGGA,105623.60,5700.91770,N,00958.64100,E,1,11,0.95,-2.8,M,42.5,M,,*7C
$GPRMC,105623.80,A,5700.91770,N,00958.64100,E,0.055,67.33,071115,,,A*5A
$GPGGA,105623.80,5700.91770,N,00958.64100,E,1,11,0.95,-2.8,M,42.5,M,,*72
$GPRMC,105624.00,A,5700.91770,N,00958.64100,E,0.092,66.95,071115,,,A*53
$GPGGA,105624.00,5700.91770,N,00958.64100,E,1,11,0.95,-2.8,M,42.5,M,,*7D
$GPRMC,105624.20,A,5700.91770,N,00958.64100,E,0.047,66.47,071115,,,A*56
$GPGGA,105624.20,5700.91770,N,00958.64100,E,1,11,0.95,-2.8,M,42.5,M,,*7F
$GPRMC,105624.40,A,5700.91770,N,00958.64100,E,0.066,65.61,071115,,,A*54
$GPGGA,105624.40,5700.91770,N,00958.64100,E,1,11,0.95,-2.7,M,42.5,M,,*76
$GPRMC,105624.60,A,5700.91771,N,00958.64101,E,0.082,64.79,071115,,,A*54
$GPGGA,105624.60,5700.91771,N,00958.64101,E,1,11,0.95,-2.7,M,42.5,M,,*74
$GPRMC,105624.80,A,5700.91771,N,00958.64101,E,0.068,64.23,071115,,,A*51
$GPGGA,105624.80,5700.91771,N,00958.64101,E,1,11,0.95,-2.7,M,42.5,M,,*7A
$GPRMC,105625.00,A,5700.91772,N,00958.64101,E,0.060,63.66,071115,,,A*55
$GPGGA,105625.00,5700.91772,N,00958.64101,E,1,11,0.95,-2.7,M,42.5,M,,*70
$GPRMC,105625.20,A,5700.91772,N,00958.64100,E,0.031,62.99,071115,,,A*53
$GPGGA,105625.20,5700.91772,N,00958.64100,E,1,11,0.95,-2.7,M,42.5,M,,*73
$GPRMC,105625.40,A,5700.91773,N,00958.64100,E,0.063,63.32,071115,,,A*53
$GPGGA,105625.40,5700.91773,N,00958.64100,E,1,11,0.95,-2.6,M,42.5,M,,*75
$GPRMC,105625.60,A,5700.91774,N,00958.64101,E,0.072,63.34,071115,,,A*51
$GPGGA,105625.60,5700.91774,N,00958.64101,E,1,11,0.95,-2.6,M,42.5,M,,*71
$GPRMC,105625.80,A,5700.91774,N,00958.64101,E,0.096,61.96,071115,,,A*5F
$GPGGA,105625.80,5700.91774,N,00958.64101,E,1,11,0.95,-2.6,M,42.5,M,,*7F
$GPRMC,105626.00,A,5700.91775,N,00958.64102,E,0.075,60.84,071115,,,A*59
$GPGGA,105626.00,5700.91775,N,00958.64102,E,1,11,0.95,-2.6,M,42.5,M,,*76
$GPRMC,105626.20,A,5700.91776,N,00958.64102,E,0.039,60.96,071115,,,A*53
$GPGGA,105626.20,5700.91776,N,00958.64102,E,1,11,0.95,-2.6,M,42.5,M,,*77
$GPRMC,105626.40,A,5700.91776,N,00958.64102,E,0.069,60.18,071115,,,A*56
$GPGGA,105626.40,5700.91776,N,00958.64102,E,1,11,0.95,-2.6,M,42.5,M,,*71
$GPRMC,105626.60,A,5700.91777,N,00958.64102,E,0.091,59.88,071115,,,A*51
$GPGGA,105626.60,5700.91777,N,00958.64102,E,1,11,0.95,-2.6,M,42.5,M,,*72
$GPRMC,105626.80,A,5700.91777,N,00958.64102,E,0.037,59.33,071115,,,A*53
$GPGGA,105626.80,5700.91777,N,00958.64102,E,1,11,0.95,-2.6,M,42.5,M,,*7C
$GPRMC,105627.00,A,5700.91778,N,00958.64102,E,0.034,58.58,071115,,,A*5A
$GPGGA,105627.00,5700.91778,N,00958.64102,E,1,11,0.95,-2.6,M,42.5,M,,*7A
$GPRMC,105627.20,A,5700.91778,N,00958.64102,E,0.112,58.51,071115,,,A*54
$GPGGA,105627.20,5700.91778,N,00958.64102,E,1,11,0.95,-2.6,M,42.5,M,,*78
$GPRMC,105627.40,A,5700.91778,N,00958.64103,E,0.046,56.86,071115,,,A*57
$GPGGA,105627.40,5700.91778,N,00958.64103,E,1,11,0.95,-2.6,M,42.5,M,,*7F
$GPRMC,105627.60,A,5700.91779,N,00958.64103,E,0.048,55.94,071115,,,A*5A
$GPGGA,105627.60,5700.91779,N,00958.64103,E,1,11,0.95,-2.5,M,42.5,M,,*7F
$GPRMC,105627.80,A,5700.91779,N,00958.64103,E,0.056,55.64,071115,,,A*54
$GPGGA,105627.80,5700.91779,N,00958.64103,E,1,11,0.95,-2.5,M,42.5,M,,*71
$GPRMC,105628.00,A,5700.91779,N,00958.64104,E,0.099,55.21,071115,,,A*56
$GPGGA,105628.00,5700.91779,N,00958.64104,E,1,11,0.95,-2.5,M,42.5,M,,*71
$GPRMC,105628.20,A,5700.91779,N,00958.64104,E,0.038,60.23,071115,,,A*5B
$GPGGA,105628.20,5700.91779,N,00958.64104,E,1,11,0.95,-2.5,M,42.5,M,,*73
$GPRMC,105628.40,A,5700.91779,N,00958.64104,E,0.044,59.03,071115,,,A*5E
$GPGGA,105628.40,5700.91779,N,00958.64104,E,1,11,0.95,-2.5,M,42.5,M,,*75
$GPRMC,105628.60,A,5700.91779,N,00958.64105,E,0.077,58.55,071115,,,A*5F
$GPGGA,105628.60,5700.91779,N,00958.64105,E,1,11,0.95,-2.5,M,42.5,M,,*76
$GPRMC,105628.80,A,5700.91780,N,00958.64106,E,0.101,58.06,071115,,,A*52
$GPGGA,105628.80,5700.91780,N,00958.64106,E,1,11,0.95,-2.5,M,42.5,M,,*7D
$GPRMC,105629.00,A,5700.91780,N,00958.64106,E,0.014,,071115,,,A*7B
$GPGGA,105629.00,5700.91780,N,00958.64106,E,1,11,0.95,-2.4,M,42.5,M,,*75
$GPRMC,105629.20,A,5700.91781,N,00958.64106,E,0.045,57.30,071115,,,A*53
$GPGGA,105629.20,5700.91781,N,00958.64106,E,1,11,0.95,-2.4,M,42.5,M,,*76
$GPRMC,105629.40,A,5700.91782,N,00958.64106,E,0.063,57.06,071115,,,A*57
$GPGGA,105629.40,5700.91782,N,00958.64106,E,1,11,0.95,-2.4,M,42.5,M,,*73
$GPRMC,105629.60,A,5700.91782,N,00958.64107,E,0.045,56.11,071115,,,A*57
$GPGGA,105629.60,5700.91782,N,00958.64107,E,1,11,0.95,-2.4,M,42.5,M,,*70
$GPRMC,105629.80,A,5700.91783,N,00958.64107,E,0.033,61.18,071115,,,A*54
$GPGGA,105629.80,5700.91783,N,00958.64107,E,1,11,0.95,-2.4,M,42.5,M,,*7F
$GPRMC,105630.00,A,5700.91784,N,00958.64106,E,0.027,61.34,071115,,,A*59
$GPGGA,105630.00,5700.91784,N,00958.64106,E,1,11,0.95,-2.3,M,42.5,M,,*7E
$GPRMC,105630.20,A,5700.91785,N,00958.64106,E,0.088,60.36,071115,,,A*5C
$GPGGA,105630.20,5700.91785,N,00958.64106,E,1,11,0.95,-2.3,M,42.5,M,,*7D
$GPRMC,105630.40,A,5700.91785,N,00958.64106,E,0.063,59.77,071115,,,A*50
$GPGGA,105630.40,5700.91785,N,00958.64106,E,1,11,0.95,-2.3,M,42.5,M,,*7B
$GPRMC,105630.60,A,5700.91786,N,00958.64106,E,0.019,,071115,,,A*7E
$GPGGA,105630.60,5700.91786,N,00958.64106,E,1,11,0.95,-2.3,M,42.5,M,,*7A
$GPRMC,105630.80,A,5700.91787,N,00958.64106,E,0.075,59.38,071115,,,A*52
$GPGGA,105630.80,5700.91787,N,00958.64106,E,1,11,0.95,-2.2,M,42.5,M,,*74
